[0.023s] Invoking command in '/home/jon/swap_ws/build/ur_moveit_config': CMAKE_PREFIX_PATH=${CMAKE_PREFIX_PATH}:/opt/ros/jazzy DEBUGINFOD_URLS=https://debuginfod.ubuntu.com /usr/bin/cmake /home/jon/swap_ws/src/Universal_Robots_ROS2_Driver/ur_moveit_config -DCMAKE_INSTALL_PREFIX=/home/jon/swap_ws/install/ur_moveit_config
[0.245s] -- The C compiler identification is GNU 13.3.0
[0.415s] -- The CXX compiler identification is GNU 13.3.0
[0.445s] -- Detecting C compiler ABI info
[0.576s] -- Detecting C compiler ABI info - done
[0.588s] -- Check for working C compiler: /usr/bin/cc - skipped
[0.588s] -- Detecting C compile features
[0.589s] -- Detecting C compile features - done
[0.603s] -- Detecting CXX compiler ABI info
[0.753s] -- Detecting CXX compiler ABI info - done
[0.766s] -- Check for working CXX compiler: /usr/bin/c++ - skipped
[0.766s] -- Detecting CXX compile features
[0.767s] -- Detecting CXX compile features - done
[0.791s] -- Found ament_cmake: 2.5.3 (/opt/ros/jazzy/share/ament_cmake/cmake)
[0.991s] -- Found Python3: /usr/bin/python3 (found version "3.12.3") found components: Interpreter 
[1.508s] -- Configuring done (1.5s)
[1.521s] -- Generating done (0.0s)
[1.530s] -- Build files have been written to: /home/jon/swap_ws/build/ur_moveit_config
[1.543s] Invoked command in '/home/jon/swap_ws/build/ur_moveit_config' returned '0': CMAKE_PREFIX_PATH=${CMAKE_PREFIX_PATH}:/opt/ros/jazzy DEBUGINFOD_URLS=https://debuginfod.ubuntu.com /usr/bin/cmake /home/jon/swap_ws/src/Universal_Robots_ROS2_Driver/ur_moveit_config -DCMAKE_INSTALL_PREFIX=/home/jon/swap_ws/install/ur_moveit_config
[1.543s] Invoking command in '/home/jon/swap_ws/build/ur_moveit_config': CMAKE_PREFIX_PATH=${CMAKE_PREFIX_PATH}:/opt/ros/jazzy DEBUGINFOD_URLS=https://debuginfod.ubuntu.com /usr/bin/cmake --build /home/jon/swap_ws/build/ur_moveit_config -- -j4 -l4
[1.706s] Invoked command in '/home/jon/swap_ws/build/ur_moveit_config' returned '0': CMAKE_PREFIX_PATH=${CMAKE_PREFIX_PATH}:/opt/ros/jazzy DEBUGINFOD_URLS=https://debuginfod.ubuntu.com /usr/bin/cmake --build /home/jon/swap_ws/build/ur_moveit_config -- -j4 -l4
[1.706s] Invoking command in '/home/jon/swap_ws/build/ur_moveit_config': CMAKE_PREFIX_PATH=${CMAKE_PREFIX_PATH}:/opt/ros/jazzy DEBUGINFOD_URLS=https://debuginfod.ubuntu.com /usr/bin/cmake --install /home/jon/swap_ws/build/ur_moveit_config
[1.758s] -- Install configuration: ""
[1.761s] -- Installing: /home/jon/swap_ws/install/ur_moveit_config/share/ament_index/resource_index/package_run_dependencies/ur_moveit_config
[1.762s] -- Installing: /home/jon/swap_ws/install/ur_moveit_config/share/ament_index/resource_index/parent_prefix_path/ur_moveit_config
[1.763s] -- Installing: /home/jon/swap_ws/install/ur_moveit_config/share/ur_moveit_config/environment/ament_prefix_path.sh
[1.763s] -- Installing: /home/jon/swap_ws/install/ur_moveit_config/share/ur_moveit_config/environment/ament_prefix_path.dsv
[1.767s] -- Installing: /home/jon/swap_ws/install/ur_moveit_config/share/ur_moveit_config/environment/path.sh
[1.767s] -- Installing: /home/jon/swap_ws/install/ur_moveit_config/share/ur_moveit_config/environment/path.dsv
[1.767s] -- Installing: /home/jon/swap_ws/install/ur_moveit_config/share/ur_moveit_config/local_setup.bash
[1.767s] -- Installing: /home/jon/swap_ws/install/ur_moveit_config/share/ur_moveit_config/local_setup.sh
[1.767s] -- Installing: /home/jon/swap_ws/install/ur_moveit_config/share/ur_moveit_config/local_setup.zsh
[1.768s] -- Installing: /home/jon/swap_ws/install/ur_moveit_config/share/ur_moveit_config/local_setup.dsv
[1.769s] -- Installing: /home/jon/swap_ws/install/ur_moveit_config/share/ur_moveit_config/package.dsv
[1.771s] -- Installing: /home/jon/swap_ws/install/ur_moveit_config/share/ament_index/resource_index/packages/ur_moveit_config
[1.771s] -- Installing: /home/jon/swap_ws/install/ur_moveit_config/share/ur_moveit_config/cmake/ur_moveit_configConfig.cmake
[1.772s] -- Installing: /home/jon/swap_ws/install/ur_moveit_config/share/ur_moveit_config/cmake/ur_moveit_configConfig-version.cmake
[1.773s] -- Installing: /home/jon/swap_ws/install/ur_moveit_config/share/ur_moveit_config/package.xml
[1.773s] -- Installing: /home/jon/swap_ws/install/ur_moveit_config/share/ur_moveit_config/config
[1.773s] -- Installing: /home/jon/swap_ws/install/ur_moveit_config/share/ur_moveit_config/config/pilz_industrial_motion_planner_planning.yaml
[1.773s] -- Installing: /home/jon/swap_ws/install/ur_moveit_config/share/ur_moveit_config/config/joint_limits.yaml
[1.773s] -- Installing: /home/jon/swap_ws/install/ur_moveit_config/share/ur_moveit_config/config/moveit.rviz
[1.774s] -- Installing: /home/jon/swap_ws/install/ur_moveit_config/share/ur_moveit_config/config/chomp_planning.yaml
[1.777s] -- Installing: /home/jon/swap_ws/install/ur_moveit_config/share/ur_moveit_config/config/ur_servo.yaml
[1.777s] -- Installing: /home/jon/swap_ws/install/ur_moveit_config/share/ur_moveit_config/config/pilz_cartesian_limits.yaml
[1.777s] -- Installing: /home/jon/swap_ws/install/ur_moveit_config/share/ur_moveit_config/config/ompl_planning.yaml
[1.777s] -- Installing: /home/jon/swap_ws/install/ur_moveit_config/share/ur_moveit_config/config/kinematics.yaml
[1.779s] -- Installing: /home/jon/swap_ws/install/ur_moveit_config/share/ur_moveit_config/config/moveit_controllers.yaml
[1.779s] -- Installing: /home/jon/swap_ws/install/ur_moveit_config/share/ur_moveit_config/launch
[1.779s] -- Installing: /home/jon/swap_ws/install/ur_moveit_config/share/ur_moveit_config/launch/ur_moveit.launch.py
[1.780s] -- Installing: /home/jon/swap_ws/install/ur_moveit_config/share/ur_moveit_config/srdf
[1.780s] -- Installing: /home/jon/swap_ws/install/ur_moveit_config/share/ur_moveit_config/srdf/ur.srdf.xacro
[1.781s] -- Installing: /home/jon/swap_ws/install/ur_moveit_config/share/ur_moveit_config/srdf/ur_macro.srdf.xacro
[1.790s] Invoked command in '/home/jon/swap_ws/build/ur_moveit_config' returned '0': CMAKE_PREFIX_PATH=${CMAKE_PREFIX_PATH}:/opt/ros/jazzy DEBUGINFOD_URLS=https://debuginfod.ubuntu.com /usr/bin/cmake --install /home/jon/swap_ws/build/ur_moveit_config
