[0.021s] Invoking command in '/home/jon/swap_ws/build/ur_robot_driver': CMAKE_PREFIX_PATH=/home/jon/swap_ws/install/ur_controllers:/home/jon/swap_ws/install/ur_dashboard_msgs:/home/jon/swap_ws/install/ur_robotiq:/home/jon/swap_ws/install/ur_robotiq_description:/home/jon/swap_ws/install/ur:/home/jon/swap_ws/install/ur_calibration:/home/jon/swap_ws/install/ur_robot_driver:/home/jon/swap_ws/install/ur_moveit_config:/home/jon/swap_ws/install/ur3e_2fg7_description:/opt/ros/jazzy/opt/sdformat_vendor:/opt/ros/jazzy/opt/gz_math_vendor:/opt/ros/jazzy/opt/gz_utils_vendor:/opt/ros/jazzy/opt/gz_tools_vendor:/opt/ros/jazzy/opt/gz_cmake_vendor:/opt/ros/jazzy DEBUGINFOD_URLS=https://debuginfod.ubuntu.com LD_LIBRARY_PATH=/home/jon/swap_ws/install/ur_controllers/lib:/home/jon/swap_ws/install/ur_dashboard_msgs/lib:/home/jon/swap_ws/install/ur_robot_driver/lib:/opt/ros/jazzy/opt/sdformat_vendor/lib:/opt/ros/jazzy/opt/rviz_ogre_vendor/lib:/opt/ros/jazzy/lib/x86_64-linux-gnu:/opt/ros/jazzy/opt/gz_math_vendor/lib:/opt/ros/jazzy/opt/gz_utils_vendor/lib:/opt/ros/jazzy/opt/gz_tools_vendor/lib:/opt/ros/jazzy/opt/gz_cmake_vendor/lib:/opt/ros/jazzy/lib PYTHONPATH=/home/jon/swap_ws/install/ur_dashboard_msgs/lib/python3.12/site-packages:/home/jon/swap_ws/install/ur_robot_driver/lib/python3.12/site-packages:/opt/ros/jazzy/lib/python3.12/site-packages /usr/bin/cmake --build /home/jon/swap_ws/build/ur_robot_driver -- -j4 -l4
[0.127s] [ 22%] Built target dashboard_client
[0.128s] [ 38%] Built target controller_stopper_node
[0.128s] [ 61%] Built target robot_state_helper
[0.134s] [ 88%] Built target ur_robot_driver_plugin
[0.169s] [100%] Built target urscript_interface
[0.174s] [100%] Built target ament_cmake_python_copy_ur_robot_driver
[0.406s] running egg_info
[0.429s] writing ur_robot_driver.egg-info/PKG-INFO
[0.430s] writing dependency_links to ur_robot_driver.egg-info/dependency_links.txt
[0.430s] writing top-level names to ur_robot_driver.egg-info/top_level.txt
[0.498s] reading manifest file 'ur_robot_driver.egg-info/SOURCES.txt'
[0.499s] writing manifest file 'ur_robot_driver.egg-info/SOURCES.txt'
[0.547s] [100%] Built target ament_cmake_python_build_ur_robot_driver_egg
[0.568s] Invoked command in '/home/jon/swap_ws/build/ur_robot_driver' returned '0': CMAKE_PREFIX_PATH=/home/jon/swap_ws/install/ur_controllers:/home/jon/swap_ws/install/ur_dashboard_msgs:/home/jon/swap_ws/install/ur_robotiq:/home/jon/swap_ws/install/ur_robotiq_description:/home/jon/swap_ws/install/ur:/home/jon/swap_ws/install/ur_calibration:/home/jon/swap_ws/install/ur_robot_driver:/home/jon/swap_ws/install/ur_moveit_config:/home/jon/swap_ws/install/ur3e_2fg7_description:/opt/ros/jazzy/opt/sdformat_vendor:/opt/ros/jazzy/opt/gz_math_vendor:/opt/ros/jazzy/opt/gz_utils_vendor:/opt/ros/jazzy/opt/gz_tools_vendor:/opt/ros/jazzy/opt/gz_cmake_vendor:/opt/ros/jazzy DEBUGINFOD_URLS=https://debuginfod.ubuntu.com LD_LIBRARY_PATH=/home/jon/swap_ws/install/ur_controllers/lib:/home/jon/swap_ws/install/ur_dashboard_msgs/lib:/home/jon/swap_ws/install/ur_robot_driver/lib:/opt/ros/jazzy/opt/sdformat_vendor/lib:/opt/ros/jazzy/opt/rviz_ogre_vendor/lib:/opt/ros/jazzy/lib/x86_64-linux-gnu:/opt/ros/jazzy/opt/gz_math_vendor/lib:/opt/ros/jazzy/opt/gz_utils_vendor/lib:/opt/ros/jazzy/opt/gz_tools_vendor/lib:/opt/ros/jazzy/opt/gz_cmake_vendor/lib:/opt/ros/jazzy/lib PYTHONPATH=/home/jon/swap_ws/install/ur_dashboard_msgs/lib/python3.12/site-packages:/home/jon/swap_ws/install/ur_robot_driver/lib/python3.12/site-packages:/opt/ros/jazzy/lib/python3.12/site-packages /usr/bin/cmake --build /home/jon/swap_ws/build/ur_robot_driver -- -j4 -l4
[0.570s] Invoking command in '/home/jon/swap_ws/build/ur_robot_driver': CMAKE_PREFIX_PATH=/home/jon/swap_ws/install/ur_controllers:/home/jon/swap_ws/install/ur_dashboard_msgs:/home/jon/swap_ws/install/ur_robotiq:/home/jon/swap_ws/install/ur_robotiq_description:/home/jon/swap_ws/install/ur:/home/jon/swap_ws/install/ur_calibration:/home/jon/swap_ws/install/ur_robot_driver:/home/jon/swap_ws/install/ur_moveit_config:/home/jon/swap_ws/install/ur3e_2fg7_description:/opt/ros/jazzy/opt/sdformat_vendor:/opt/ros/jazzy/opt/gz_math_vendor:/opt/ros/jazzy/opt/gz_utils_vendor:/opt/ros/jazzy/opt/gz_tools_vendor:/opt/ros/jazzy/opt/gz_cmake_vendor:/opt/ros/jazzy DEBUGINFOD_URLS=https://debuginfod.ubuntu.com LD_LIBRARY_PATH=/home/jon/swap_ws/install/ur_controllers/lib:/home/jon/swap_ws/install/ur_dashboard_msgs/lib:/home/jon/swap_ws/install/ur_robot_driver/lib:/opt/ros/jazzy/opt/sdformat_vendor/lib:/opt/ros/jazzy/opt/rviz_ogre_vendor/lib:/opt/ros/jazzy/lib/x86_64-linux-gnu:/opt/ros/jazzy/opt/gz_math_vendor/lib:/opt/ros/jazzy/opt/gz_utils_vendor/lib:/opt/ros/jazzy/opt/gz_tools_vendor/lib:/opt/ros/jazzy/opt/gz_cmake_vendor/lib:/opt/ros/jazzy/lib PYTHONPATH=/home/jon/swap_ws/install/ur_dashboard_msgs/lib/python3.12/site-packages:/home/jon/swap_ws/install/ur_robot_driver/lib/python3.12/site-packages:/opt/ros/jazzy/lib/python3.12/site-packages /usr/bin/cmake --install /home/jon/swap_ws/build/ur_robot_driver
[0.584s] -- Install configuration: "RelWithDebInfo"
[0.584s] -- Up-to-date: /home/jon/swap_ws/install/ur_robot_driver/share/ur_robot_driver/hardware_interface_plugin.xml
[0.584s] -- Up-to-date: /home/jon/swap_ws/install/ur_robot_driver/lib/ur_robot_driver/dashboard_client
[0.586s] -- Up-to-date: /home/jon/swap_ws/install/ur_robot_driver/lib/ur_robot_driver/controller_stopper_node
[0.586s] -- Up-to-date: /home/jon/swap_ws/install/ur_robot_driver/lib/ur_robot_driver/urscript_interface
[0.587s] -- Up-to-date: /home/jon/swap_ws/install/ur_robot_driver/lib/ur_robot_driver/robot_state_helper
[0.588s] -- Up-to-date: /home/jon/swap_ws/install/ur_robot_driver/lib/libur_robot_driver_plugin.so
[0.588s] -- Up-to-date: /home/jon/swap_ws/install/ur_robot_driver/include
[0.588s] -- Up-to-date: /home/jon/swap_ws/install/ur_robot_driver/include/ur_robot_driver
[0.588s] -- Up-to-date: /home/jon/swap_ws/install/ur_robot_driver/include/ur_robot_driver/controller_stopper.hpp
[0.588s] -- Up-to-date: /home/jon/swap_ws/install/ur_robot_driver/include/ur_robot_driver/robot_state_helper.hpp
[0.588s] -- Up-to-date: /home/jon/swap_ws/install/ur_robot_driver/include/ur_robot_driver/hardware_interface.hpp
[0.588s] -- Up-to-date: /home/jon/swap_ws/install/ur_robot_driver/include/ur_robot_driver/dashboard_client_ros.hpp
[0.588s] -- Up-to-date: /home/jon/swap_ws/install/ur_robot_driver/include/ur_robot_driver/urcl_log_handler.hpp
[0.588s] -- Up-to-date: /home/jon/swap_ws/install/ur_robot_driver/share/ur_robot_driver/environment/library_path.sh
[0.588s] -- Up-to-date: /home/jon/swap_ws/install/ur_robot_driver/share/ur_robot_driver/environment/library_path.dsv
[0.588s] -- Up-to-date: /home/jon/swap_ws/install/ur_robot_driver/share/ur_robot_driver/resources
[0.589s] -- Up-to-date: /home/jon/swap_ws/install/ur_robot_driver/share/ur_robot_driver/resources/rtde_input_recipe.txt
[0.589s] -- Up-to-date: /home/jon/swap_ws/install/ur_robot_driver/share/ur_robot_driver/resources/externalcontrol-1.0.5.urcap
[0.589s] -- Up-to-date: /home/jon/swap_ws/install/ur_robot_driver/share/ur_robot_driver/resources/rs485-1.0.urcap
[0.589s] -- Up-to-date: /home/jon/swap_ws/install/ur_robot_driver/share/ur_robot_driver/resources/rtde_output_recipe.txt
[0.589s] -- Up-to-date: /home/jon/swap_ws/install/ur_robot_driver/include
[0.589s] -- Up-to-date: /home/jon/swap_ws/install/ur_robot_driver/include/ur_robot_driver
[0.589s] -- Up-to-date: /home/jon/swap_ws/install/ur_robot_driver/include/ur_robot_driver/controller_stopper.hpp
[0.589s] -- Up-to-date: /home/jon/swap_ws/install/ur_robot_driver/include/ur_robot_driver/robot_state_helper.hpp
[0.589s] -- Up-to-date: /home/jon/swap_ws/install/ur_robot_driver/include/ur_robot_driver/hardware_interface.hpp
[0.589s] -- Up-to-date: /home/jon/swap_ws/install/ur_robot_driver/include/ur_robot_driver/dashboard_client_ros.hpp
[0.589s] -- Up-to-date: /home/jon/swap_ws/install/ur_robot_driver/include/ur_robot_driver/urcl_log_handler.hpp
[0.590s] -- Up-to-date: /home/jon/swap_ws/install/ur_robot_driver/share/ur_robot_driver/environment/pythonpath.sh
[0.590s] -- Up-to-date: /home/jon/swap_ws/install/ur_robot_driver/share/ur_robot_driver/environment/pythonpath.dsv
[0.590s] -- Up-to-date: /home/jon/swap_ws/install/ur_robot_driver/lib/python3.12/site-packages/ur_robot_driver-3.2.1-py3.12.egg-info
[0.590s] -- Installing: /home/jon/swap_ws/install/ur_robot_driver/lib/python3.12/site-packages/ur_robot_driver-3.2.1-py3.12.egg-info/dependency_links.txt
[0.590s] -- Installing: /home/jon/swap_ws/install/ur_robot_driver/lib/python3.12/site-packages/ur_robot_driver-3.2.1-py3.12.egg-info/PKG-INFO
[0.590s] -- Installing: /home/jon/swap_ws/install/ur_robot_driver/lib/python3.12/site-packages/ur_robot_driver-3.2.1-py3.12.egg-info/SOURCES.txt
[0.590s] -- Installing: /home/jon/swap_ws/install/ur_robot_driver/lib/python3.12/site-packages/ur_robot_driver-3.2.1-py3.12.egg-info/top_level.txt
[0.590s] -- Up-to-date: /home/jon/swap_ws/install/ur_robot_driver/lib/python3.12/site-packages/ur_robot_driver
[0.590s] -- Up-to-date: /home/jon/swap_ws/install/ur_robot_driver/lib/python3.12/site-packages/ur_robot_driver/__init__.py
[0.636s] Listing '/home/jon/swap_ws/install/ur_robot_driver/lib/python3.12/site-packages/ur_robot_driver'...
[0.641s] -- Up-to-date: /home/jon/swap_ws/install/ur_robot_driver/lib/ur_robot_driver/tool_communication.py
[0.641s] -- Up-to-date: /home/jon/swap_ws/install/ur_robot_driver/lib/ur_robot_driver/wait_for_robot_description
[0.641s] -- Up-to-date: /home/jon/swap_ws/install/ur_robot_driver/lib/ur_robot_driver/example_move.py
[0.641s] -- Up-to-date: /home/jon/swap_ws/install/ur_robot_driver/lib/ur_robot_driver/start_ursim.sh
[0.641s] -- Up-to-date: /home/jon/swap_ws/install/ur_robot_driver/lib/ur_robot_driver/examples.py
[0.641s] -- Up-to-date: /home/jon/swap_ws/install/ur_robot_driver/lib/ur_robot_driver/force_mode.py
[0.642s] -- Up-to-date: /home/jon/swap_ws/install/ur_robot_driver/bin/wait_dashboard_server.sh
[0.642s] -- Up-to-date: /home/jon/swap_ws/install/ur_robot_driver/share/ur_robot_driver/config
[0.642s] -- Up-to-date: /home/jon/swap_ws/install/ur_robot_driver/share/ur_robot_driver/config/ur10_update_rate.yaml
[0.642s] -- Up-to-date: /home/jon/swap_ws/install/ur_robot_driver/share/ur_robot_driver/config/ur10e_update_rate.yaml
[0.642s] -- Up-to-date: /home/jon/swap_ws/install/ur_robot_driver/share/ur_robot_driver/config/ur3e_update_rate.yaml
[0.642s] -- Up-to-date: /home/jon/swap_ws/install/ur_robot_driver/share/ur_robot_driver/config/ur16e_update_rate.yaml
[0.642s] -- Up-to-date: /home/jon/swap_ws/install/ur_robot_driver/share/ur_robot_driver/config/ur5_update_rate.yaml
[0.642s] -- Up-to-date: /home/jon/swap_ws/install/ur_robot_driver/share/ur_robot_driver/config/ur30_update_rate.yaml
[0.642s] -- Up-to-date: /home/jon/swap_ws/install/ur_robot_driver/share/ur_robot_driver/config/ur20_update_rate.yaml
[0.642s] -- Up-to-date: /home/jon/swap_ws/install/ur_robot_driver/share/ur_robot_driver/config/ur_controllers.yaml
[0.642s] -- Up-to-date: /home/jon/swap_ws/install/ur_robot_driver/share/ur_robot_driver/config/test_velocity_goal_publishers_config.yaml
[0.642s] -- Up-to-date: /home/jon/swap_ws/install/ur_robot_driver/share/ur_robot_driver/config/ur5e_update_rate.yaml
[0.643s] -- Up-to-date: /home/jon/swap_ws/install/ur_robot_driver/share/ur_robot_driver/config/test_goal_publishers_config.yaml
[0.643s] -- Up-to-date: /home/jon/swap_ws/install/ur_robot_driver/share/ur_robot_driver/config/ur3_update_rate.yaml
[0.643s] -- Up-to-date: /home/jon/swap_ws/install/ur_robot_driver/share/ur_robot_driver/launch
[0.643s] -- Up-to-date: /home/jon/swap_ws/install/ur_robot_driver/share/ur_robot_driver/launch/ur3.launch.py
[0.643s] -- Up-to-date: /home/jon/swap_ws/install/ur_robot_driver/share/ur_robot_driver/launch/test_joint_trajectory_controller.launch.py
[0.643s] -- Up-to-date: /home/jon/swap_ws/install/ur_robot_driver/share/ur_robot_driver/launch/ur_dashboard_client.launch.py
[0.643s] -- Up-to-date: /home/jon/swap_ws/install/ur_robot_driver/share/ur_robot_driver/launch/ur10e.launch.py
[0.643s] -- Up-to-date: /home/jon/swap_ws/install/ur_robot_driver/share/ur_robot_driver/launch/ur10.launch.py
[0.643s] -- Up-to-date: /home/jon/swap_ws/install/ur_robot_driver/share/ur_robot_driver/launch/test_forward_velocity_controller.launch.py
[0.643s] -- Up-to-date: /home/jon/swap_ws/install/ur_robot_driver/share/ur_robot_driver/launch/ur20.launch.py
[0.643s] -- Up-to-date: /home/jon/swap_ws/install/ur_robot_driver/share/ur_robot_driver/launch/ur5e.launch.py
[0.643s] -- Up-to-date: /home/jon/swap_ws/install/ur_robot_driver/share/ur_robot_driver/launch/test_scaled_joint_trajectory_controller.launch.py
[0.643s] -- Up-to-date: /home/jon/swap_ws/install/ur_robot_driver/share/ur_robot_driver/launch/ur_control.launch.py
[0.643s] -- Up-to-date: /home/jon/swap_ws/install/ur_robot_driver/share/ur_robot_driver/launch/ur5.launch.py
[0.643s] -- Up-to-date: /home/jon/swap_ws/install/ur_robot_driver/share/ur_robot_driver/launch/ur_rsp.launch.py
[0.644s] -- Up-to-date: /home/jon/swap_ws/install/ur_robot_driver/share/ur_robot_driver/launch/ur30.launch.py
[0.644s] -- Up-to-date: /home/jon/swap_ws/install/ur_robot_driver/share/ur_robot_driver/launch/ur16e.launch.py
[0.644s] -- Up-to-date: /home/jon/swap_ws/install/ur_robot_driver/share/ur_robot_driver/launch/ur7e.launch.py
[0.644s] -- Up-to-date: /home/jon/swap_ws/install/ur_robot_driver/share/ur_robot_driver/launch/ur3e.launch.py
[0.644s] -- Up-to-date: /home/jon/swap_ws/install/ur_robot_driver/share/ur_robot_driver/launch/ur12e.launch.py
[0.644s] -- Up-to-date: /home/jon/swap_ws/install/ur_robot_driver/share/ur_robot_driver/urdf
[0.644s] -- Up-to-date: /home/jon/swap_ws/install/ur_robot_driver/share/ur_robot_driver/urdf/ur.ros2_control.xacro
[0.644s] -- Up-to-date: /home/jon/swap_ws/install/ur_robot_driver/share/ur_robot_driver/urdf/ur.urdf.xacro
[0.644s] -- Up-to-date: /home/jon/swap_ws/install/ur_robot_driver/share/ament_index/resource_index/package_run_dependencies/ur_robot_driver
[0.644s] -- Up-to-date: /home/jon/swap_ws/install/ur_robot_driver/share/ament_index/resource_index/parent_prefix_path/ur_robot_driver
[0.644s] -- Up-to-date: /home/jon/swap_ws/install/ur_robot_driver/share/ur_robot_driver/environment/ament_prefix_path.sh
[0.648s] -- Up-to-date: /home/jon/swap_ws/install/ur_robot_driver/share/ur_robot_driver/environment/ament_prefix_path.dsv
[0.649s] -- Up-to-date: /home/jon/swap_ws/install/ur_robot_driver/share/ur_robot_driver/environment/path.sh
[0.649s] -- Up-to-date: /home/jon/swap_ws/install/ur_robot_driver/share/ur_robot_driver/environment/path.dsv
[0.649s] -- Up-to-date: /home/jon/swap_ws/install/ur_robot_driver/share/ur_robot_driver/local_setup.bash
[0.650s] -- Up-to-date: /home/jon/swap_ws/install/ur_robot_driver/share/ur_robot_driver/local_setup.sh
[0.650s] -- Up-to-date: /home/jon/swap_ws/install/ur_robot_driver/share/ur_robot_driver/local_setup.zsh
[0.650s] -- Up-to-date: /home/jon/swap_ws/install/ur_robot_driver/share/ur_robot_driver/local_setup.dsv
[0.650s] -- Installing: /home/jon/swap_ws/install/ur_robot_driver/share/ur_robot_driver/package.dsv
[0.650s] -- Up-to-date: /home/jon/swap_ws/install/ur_robot_driver/share/ament_index/resource_index/packages/ur_robot_driver
[0.650s] -- Up-to-date: /home/jon/swap_ws/install/ur_robot_driver/share/ament_index/resource_index/hardware_interface__pluginlib__plugin/ur_robot_driver
[0.650s] -- Up-to-date: /home/jon/swap_ws/install/ur_robot_driver/share/ur_robot_driver/cmake/ament_cmake_export_include_directories-extras.cmake
[0.650s] -- Up-to-date: /home/jon/swap_ws/install/ur_robot_driver/share/ur_robot_driver/cmake/ament_cmake_export_libraries-extras.cmake
[0.651s] -- Up-to-date: /home/jon/swap_ws/install/ur_robot_driver/share/ur_robot_driver/cmake/ament_cmake_export_dependencies-extras.cmake
[0.651s] -- Up-to-date: /home/jon/swap_ws/install/ur_robot_driver/share/ur_robot_driver/cmake/ur_robot_driverConfig.cmake
[0.651s] -- Up-to-date: /home/jon/swap_ws/install/ur_robot_driver/share/ur_robot_driver/cmake/ur_robot_driverConfig-version.cmake
[0.651s] -- Up-to-date: /home/jon/swap_ws/install/ur_robot_driver/share/ur_robot_driver/package.xml
[0.651s] Invoked command in '/home/jon/swap_ws/build/ur_robot_driver' returned '0': CMAKE_PREFIX_PATH=/home/jon/swap_ws/install/ur_controllers:/home/jon/swap_ws/install/ur_dashboard_msgs:/home/jon/swap_ws/install/ur_robotiq:/home/jon/swap_ws/install/ur_robotiq_description:/home/jon/swap_ws/install/ur:/home/jon/swap_ws/install/ur_calibration:/home/jon/swap_ws/install/ur_robot_driver:/home/jon/swap_ws/install/ur_moveit_config:/home/jon/swap_ws/install/ur3e_2fg7_description:/opt/ros/jazzy/opt/sdformat_vendor:/opt/ros/jazzy/opt/gz_math_vendor:/opt/ros/jazzy/opt/gz_utils_vendor:/opt/ros/jazzy/opt/gz_tools_vendor:/opt/ros/jazzy/opt/gz_cmake_vendor:/opt/ros/jazzy DEBUGINFOD_URLS=https://debuginfod.ubuntu.com LD_LIBRARY_PATH=/home/jon/swap_ws/install/ur_controllers/lib:/home/jon/swap_ws/install/ur_dashboard_msgs/lib:/home/jon/swap_ws/install/ur_robot_driver/lib:/opt/ros/jazzy/opt/sdformat_vendor/lib:/opt/ros/jazzy/opt/rviz_ogre_vendor/lib:/opt/ros/jazzy/lib/x86_64-linux-gnu:/opt/ros/jazzy/opt/gz_math_vendor/lib:/opt/ros/jazzy/opt/gz_utils_vendor/lib:/opt/ros/jazzy/opt/gz_tools_vendor/lib:/opt/ros/jazzy/opt/gz_cmake_vendor/lib:/opt/ros/jazzy/lib PYTHONPATH=/home/jon/swap_ws/install/ur_dashboard_msgs/lib/python3.12/site-packages:/home/jon/swap_ws/install/ur_robot_driver/lib/python3.12/site-packages:/opt/ros/jazzy/lib/python3.12/site-packages /usr/bin/cmake --install /home/jon/swap_ws/build/ur_robot_driver
