[0.022s] Invoking command in '/home/jon/swap_ws/build/ur_moveit_config': CMAKE_PREFIX_PATH=${CMAKE_PREFIX_PATH}:/opt/ros/jazzy DEBUGINFOD_URLS=https://debuginfod.ubuntu.com /usr/bin/cmake --build /home/jon/swap_ws/build/ur_moveit_config -- -j4 -l4
[0.070s] Invoked command in '/home/jon/swap_ws/build/ur_moveit_config' returned '0': CMAKE_PREFIX_PATH=${CMAKE_PREFIX_PATH}:/opt/ros/jazzy DEBUGINFOD_URLS=https://debuginfod.ubuntu.com /usr/bin/cmake --build /home/jon/swap_ws/build/ur_moveit_config -- -j4 -l4
[0.083s] Invoking command in '/home/jon/swap_ws/build/ur_moveit_config': CMAKE_PREFIX_PATH=${CMAKE_PREFIX_PATH}:/opt/ros/jazzy DEBUGINFOD_URLS=https://debuginfod.ubuntu.com /usr/bin/cmake --install /home/jon/swap_ws/build/ur_moveit_config
[0.098s] -- Install configuration: ""
[0.098s] -- Up-to-date: /home/jon/swap_ws/install/ur_moveit_config/share/ament_index/resource_index/package_run_dependencies/ur_moveit_config
[0.099s] -- Up-to-date: /home/jon/swap_ws/install/ur_moveit_config/share/ament_index/resource_index/parent_prefix_path/ur_moveit_config
[0.099s] -- Up-to-date: /home/jon/swap_ws/install/ur_moveit_config/share/ur_moveit_config/environment/ament_prefix_path.sh
[0.099s] -- Up-to-date: /home/jon/swap_ws/install/ur_moveit_config/share/ur_moveit_config/environment/ament_prefix_path.dsv
[0.099s] -- Up-to-date: /home/jon/swap_ws/install/ur_moveit_config/share/ur_moveit_config/environment/path.sh
[0.099s] -- Up-to-date: /home/jon/swap_ws/install/ur_moveit_config/share/ur_moveit_config/environment/path.dsv
[0.099s] -- Up-to-date: /home/jon/swap_ws/install/ur_moveit_config/share/ur_moveit_config/local_setup.bash
[0.099s] -- Up-to-date: /home/jon/swap_ws/install/ur_moveit_config/share/ur_moveit_config/local_setup.sh
[0.099s] -- Up-to-date: /home/jon/swap_ws/install/ur_moveit_config/share/ur_moveit_config/local_setup.zsh
[0.099s] -- Up-to-date: /home/jon/swap_ws/install/ur_moveit_config/share/ur_moveit_config/local_setup.dsv
[0.100s] -- Installing: /home/jon/swap_ws/install/ur_moveit_config/share/ur_moveit_config/package.dsv
[0.100s] -- Up-to-date: /home/jon/swap_ws/install/ur_moveit_config/share/ament_index/resource_index/packages/ur_moveit_config
[0.100s] -- Up-to-date: /home/jon/swap_ws/install/ur_moveit_config/share/ur_moveit_config/cmake/ur_moveit_configConfig.cmake
[0.100s] -- Up-to-date: /home/jon/swap_ws/install/ur_moveit_config/share/ur_moveit_config/cmake/ur_moveit_configConfig-version.cmake
[0.100s] -- Up-to-date: /home/jon/swap_ws/install/ur_moveit_config/share/ur_moveit_config/package.xml
[0.100s] -- Up-to-date: /home/jon/swap_ws/install/ur_moveit_config/share/ur_moveit_config/config
[0.100s] -- Up-to-date: /home/jon/swap_ws/install/ur_moveit_config/share/ur_moveit_config/config/pilz_industrial_motion_planner_planning.yaml
[0.100s] -- Up-to-date: /home/jon/swap_ws/install/ur_moveit_config/share/ur_moveit_config/config/joint_limits.yaml
[0.100s] -- Up-to-date: /home/jon/swap_ws/install/ur_moveit_config/share/ur_moveit_config/config/moveit.rviz
[0.100s] -- Up-to-date: /home/jon/swap_ws/install/ur_moveit_config/share/ur_moveit_config/config/chomp_planning.yaml
[0.100s] -- Up-to-date: /home/jon/swap_ws/install/ur_moveit_config/share/ur_moveit_config/config/ur_servo.yaml
[0.100s] -- Up-to-date: /home/jon/swap_ws/install/ur_moveit_config/share/ur_moveit_config/config/pilz_cartesian_limits.yaml
[0.100s] -- Up-to-date: /home/jon/swap_ws/install/ur_moveit_config/share/ur_moveit_config/config/ompl_planning.yaml
[0.100s] -- Up-to-date: /home/jon/swap_ws/install/ur_moveit_config/share/ur_moveit_config/config/kinematics.yaml
[0.100s] -- Up-to-date: /home/jon/swap_ws/install/ur_moveit_config/share/ur_moveit_config/config/moveit_controllers.yaml
[0.100s] -- Up-to-date: /home/jon/swap_ws/install/ur_moveit_config/share/ur_moveit_config/launch
[0.100s] -- Up-to-date: /home/jon/swap_ws/install/ur_moveit_config/share/ur_moveit_config/launch/ur_moveit.launch.py
[0.100s] -- Up-to-date: /home/jon/swap_ws/install/ur_moveit_config/share/ur_moveit_config/srdf
[0.103s] -- Up-to-date: /home/jon/swap_ws/install/ur_moveit_config/share/ur_moveit_config/srdf/ur.srdf.xacro
[0.103s] -- Up-to-date: /home/jon/swap_ws/install/ur_moveit_config/share/ur_moveit_config/srdf/ur_macro.srdf.xacro
[0.107s] Invoked command in '/home/jon/swap_ws/build/ur_moveit_config' returned '0': CMAKE_PREFIX_PATH=${CMAKE_PREFIX_PATH}:/opt/ros/jazzy DEBUGINFOD_URLS=https://debuginfod.ubuntu.com /usr/bin/cmake --install /home/jon/swap_ws/build/ur_moveit_config
