[0.028s] Invoking command in '/home/jon/swap_ws/build/ur_robot_driver': CMAKE_PREFIX_PATH=/home/jon/swap_ws/install/ur_controllers:/home/jon/swap_ws/install/ur_dashboard_msgs:/home/jon/swap_ws/install/ur_robotiq:/home/jon/swap_ws/install/ur_robotiq_description:/home/jon/swap_ws/install/ur:/home/jon/swap_ws/install/ur_calibration:/home/jon/swap_ws/install/ur_robot_driver:/home/jon/swap_ws/install/ur_moveit_config:/home/jon/swap_ws/install/ur3e_2fg7_description:/opt/ros/jazzy/opt/sdformat_vendor:/opt/ros/jazzy/opt/gz_math_vendor:/opt/ros/jazzy/opt/gz_utils_vendor:/opt/ros/jazzy/opt/gz_tools_vendor:/opt/ros/jazzy/opt/gz_cmake_vendor:/opt/ros/jazzy DEBUGINFOD_URLS=https://debuginfod.ubuntu.com LD_LIBRARY_PATH=/home/jon/swap_ws/install/ur_controllers/lib:/home/jon/swap_ws/install/ur_dashboard_msgs/lib:/home/jon/swap_ws/install/ur_robot_driver/lib:/opt/ros/jazzy/opt/sdformat_vendor/lib:/opt/ros/jazzy/opt/rviz_ogre_vendor/lib:/opt/ros/jazzy/lib/x86_64-linux-gnu:/opt/ros/jazzy/opt/gz_math_vendor/lib:/opt/ros/jazzy/opt/gz_utils_vendor/lib:/opt/ros/jazzy/opt/gz_tools_vendor/lib:/opt/ros/jazzy/opt/gz_cmake_vendor/lib:/opt/ros/jazzy/lib PYTHONPATH=/home/jon/swap_ws/install/ur_dashboard_msgs/lib/python3.12/site-packages:/home/jon/swap_ws/install/ur_robot_driver/lib/python3.12/site-packages:/opt/ros/jazzy/lib/python3.12/site-packages /usr/bin/cmake /home/jon/swap_ws/src/Universal_Robots_ROS2_Driver/ur_robot_driver -DCMAKE_INSTALL_PREFIX=/home/jon/swap_ws/install/ur_robot_driver
[0.161s] -- The C compiler identification is GNU 13.3.0
[0.224s] -- The CXX compiler identification is GNU 13.3.0
[0.252s] -- Detecting C compiler ABI info
[0.357s] -- Detecting C compiler ABI info - done
[0.364s] -- Check for working C compiler: /usr/bin/cc - skipped
[0.364s] -- Detecting C compile features
[0.365s] -- Detecting C compile features - done
[0.380s] -- Detecting CXX compiler ABI info
[0.496s] -- Detecting CXX compiler ABI info - done
[0.503s] -- Check for working CXX compiler: /usr/bin/c++ - skipped
[0.503s] -- Detecting CXX compile features
[0.504s] -- Detecting CXX compile features - done
[0.504s] [0mur_robot_driver: You did not request a specific build type: selecting 'RelWithDebInfo'.[0m
[0.522s] -- Found ament_cmake: 2.5.3 (/opt/ros/jazzy/share/ament_cmake/cmake)
[0.715s] -- Found Python3: /usr/bin/python3 (found version "3.12.3") found components: Interpreter 
[0.888s] -- Found controller_manager: 4.27.0 (/opt/ros/jazzy/share/controller_manager/cmake)
[0.972s] -- Found rosidl_generator_c: 4.6.5 (/opt/ros/jazzy/share/rosidl_generator_c/cmake)
[0.993s] -- Found rosidl_generator_cpp: 4.6.5 (/opt/ros/jazzy/share/rosidl_generator_cpp/cmake)
[1.026s] -- Using all available rosidl_typesupport_c: rosidl_typesupport_fastrtps_c;rosidl_typesupport_introspection_c
[1.051s] -- Using all available rosidl_typesupport_cpp: rosidl_typesupport_fastrtps_cpp;rosidl_typesupport_introspection_cpp
[1.157s] -- Found rmw_implementation_cmake: 7.3.2 (/opt/ros/jazzy/share/rmw_implementation_cmake/cmake)
[1.162s] -- Found rmw_fastrtps_cpp: 8.4.2 (/opt/ros/jazzy/share/rmw_fastrtps_cpp/cmake)
[1.278s] -- Found OpenSSL: /usr/lib/x86_64-linux-gnu/libcrypto.so (found version "3.0.13")  
[1.301s] -- Found FastRTPS: /opt/ros/jazzy/include (Required is at least version "2.13") 
[1.327s] -- Using RMW implementation 'rmw_fastrtps_cpp' as default
[2.142s] -- Found std_srvs: 5.3.6 (/opt/ros/jazzy/share/std_srvs/cmake)
[2.187s] -- Found tf2_geometry_msgs: 0.36.9 (/opt/ros/jazzy/share/tf2_geometry_msgs/cmake)
[2.240s] -- Found eigen3_cmake_module: 0.3.0 (/opt/ros/jazzy/share/eigen3_cmake_module/cmake)
[2.243s] -- Found Eigen3: TRUE (found version "3.4.0") 
[2.243s] -- Ensuring Eigen3 include directory is part of orocos-kdl CMake target
[2.382s] -- Found ur_dashboard_msgs: 3.2.1 (/home/jon/swap_ws/install/ur_dashboard_msgs/share/ur_dashboard_msgs/cmake)
[2.433s] -- Found ur_msgs: 2.2.0 (/opt/ros/jazzy/share/ur_msgs/cmake)
[2.753s] -- Found ur_controllers: 3.2.1 (/home/jon/swap_ws/install/ur_controllers/share/ur_controllers/cmake)
[2.879s] -- Found ur_description: 3.1.0 (/opt/ros/jazzy/share/ur_description/cmake)
[2.884s] -- Found launch_testing_ament_cmake: 3.4.4 (/opt/ros/jazzy/share/launch_testing_ament_cmake/cmake)
[2.888s] -- Found python_cmake_module: 0.11.1 (/opt/ros/jazzy/share/python_cmake_module/cmake)
[3.031s] -- Found PythonExtra: /usr/bin/python3  
[3.033s] -- Configuring done (3.0s)
[3.136s] -- Generating done (0.1s)
[3.151s] -- Build files have been written to: /home/jon/swap_ws/build/ur_robot_driver
[3.166s] Invoked command in '/home/jon/swap_ws/build/ur_robot_driver' returned '0': CMAKE_PREFIX_PATH=/home/jon/swap_ws/install/ur_controllers:/home/jon/swap_ws/install/ur_dashboard_msgs:/home/jon/swap_ws/install/ur_robotiq:/home/jon/swap_ws/install/ur_robotiq_description:/home/jon/swap_ws/install/ur:/home/jon/swap_ws/install/ur_calibration:/home/jon/swap_ws/install/ur_robot_driver:/home/jon/swap_ws/install/ur_moveit_config:/home/jon/swap_ws/install/ur3e_2fg7_description:/opt/ros/jazzy/opt/sdformat_vendor:/opt/ros/jazzy/opt/gz_math_vendor:/opt/ros/jazzy/opt/gz_utils_vendor:/opt/ros/jazzy/opt/gz_tools_vendor:/opt/ros/jazzy/opt/gz_cmake_vendor:/opt/ros/jazzy DEBUGINFOD_URLS=https://debuginfod.ubuntu.com LD_LIBRARY_PATH=/home/jon/swap_ws/install/ur_controllers/lib:/home/jon/swap_ws/install/ur_dashboard_msgs/lib:/home/jon/swap_ws/install/ur_robot_driver/lib:/opt/ros/jazzy/opt/sdformat_vendor/lib:/opt/ros/jazzy/opt/rviz_ogre_vendor/lib:/opt/ros/jazzy/lib/x86_64-linux-gnu:/opt/ros/jazzy/opt/gz_math_vendor/lib:/opt/ros/jazzy/opt/gz_utils_vendor/lib:/opt/ros/jazzy/opt/gz_tools_vendor/lib:/opt/ros/jazzy/opt/gz_cmake_vendor/lib:/opt/ros/jazzy/lib PYTHONPATH=/home/jon/swap_ws/install/ur_dashboard_msgs/lib/python3.12/site-packages:/home/jon/swap_ws/install/ur_robot_driver/lib/python3.12/site-packages:/opt/ros/jazzy/lib/python3.12/site-packages /usr/bin/cmake /home/jon/swap_ws/src/Universal_Robots_ROS2_Driver/ur_robot_driver -DCMAKE_INSTALL_PREFIX=/home/jon/swap_ws/install/ur_robot_driver
[3.166s] Invoking command in '/home/jon/swap_ws/build/ur_robot_driver': CMAKE_PREFIX_PATH=/home/jon/swap_ws/install/ur_controllers:/home/jon/swap_ws/install/ur_dashboard_msgs:/home/jon/swap_ws/install/ur_robotiq:/home/jon/swap_ws/install/ur_robotiq_description:/home/jon/swap_ws/install/ur:/home/jon/swap_ws/install/ur_calibration:/home/jon/swap_ws/install/ur_robot_driver:/home/jon/swap_ws/install/ur_moveit_config:/home/jon/swap_ws/install/ur3e_2fg7_description:/opt/ros/jazzy/opt/sdformat_vendor:/opt/ros/jazzy/opt/gz_math_vendor:/opt/ros/jazzy/opt/gz_utils_vendor:/opt/ros/jazzy/opt/gz_tools_vendor:/opt/ros/jazzy/opt/gz_cmake_vendor:/opt/ros/jazzy DEBUGINFOD_URLS=https://debuginfod.ubuntu.com LD_LIBRARY_PATH=/home/jon/swap_ws/install/ur_controllers/lib:/home/jon/swap_ws/install/ur_dashboard_msgs/lib:/home/jon/swap_ws/install/ur_robot_driver/lib:/opt/ros/jazzy/opt/sdformat_vendor/lib:/opt/ros/jazzy/opt/rviz_ogre_vendor/lib:/opt/ros/jazzy/lib/x86_64-linux-gnu:/opt/ros/jazzy/opt/gz_math_vendor/lib:/opt/ros/jazzy/opt/gz_utils_vendor/lib:/opt/ros/jazzy/opt/gz_tools_vendor/lib:/opt/ros/jazzy/opt/gz_cmake_vendor/lib:/opt/ros/jazzy/lib PYTHONPATH=/home/jon/swap_ws/install/ur_dashboard_msgs/lib/python3.12/site-packages:/home/jon/swap_ws/install/ur_robot_driver/lib/python3.12/site-packages:/opt/ros/jazzy/lib/python3.12/site-packages /usr/bin/cmake --build /home/jon/swap_ws/build/ur_robot_driver -- -j4 -l4
[3.229s] [  5%] [32mBuilding CXX object CMakeFiles/ur_robot_driver_plugin.dir/src/dashboard_client_ros.cpp.o[0m
[21.175s] [ 11%] [32mBuilding CXX object CMakeFiles/ur_robot_driver_plugin.dir/src/hardware_interface.cpp.o[0m
[34.539s] [ 16%] [32mBuilding CXX object CMakeFiles/ur_robot_driver_plugin.dir/src/urcl_log_handler.cpp.o[0m
[35.251s] [ 22%] [32mBuilding CXX object CMakeFiles/ur_robot_driver_plugin.dir/src/robot_state_helper.cpp.o[0m
[58.984s] [ 27%] [32m[1mLinking CXX shared library libur_robot_driver_plugin.so[0m
[64.301s] [ 27%] Built target ur_robot_driver_plugin
[64.331s] [ 33%] [32mBuilding CXX object CMakeFiles/robot_state_helper.dir/src/robot_state_helper.cpp.o[0m
[91.220s] [ 38%] [32mBuilding CXX object CMakeFiles/robot_state_helper.dir/src/robot_state_helper_node.cpp.o[0m
[95.505s] [ 44%] [32mBuilding CXX object CMakeFiles/robot_state_helper.dir/src/urcl_log_handler.cpp.o[0m
[96.216s] [ 50%] [32m[1mLinking CXX executable robot_state_helper[0m
[96.774s] [ 50%] Built target robot_state_helper
[96.805s] [ 55%] [32mBuilding CXX object CMakeFiles/urscript_interface.dir/src/urscript_interface.cpp.o[0m
[109.192s] [ 61%] [32m[1mLinking CXX executable urscript_interface[0m
[109.571s] [ 61%] Built target urscript_interface
[109.602s] [ 61%] Built target ament_cmake_python_copy_ur_robot_driver
[109.626s] [ 66%] [32mBuilding CXX object CMakeFiles/controller_stopper_node.dir/src/controller_stopper.cpp.o[0m
[123.211s] [ 72%] [32mBuilding CXX object CMakeFiles/controller_stopper_node.dir/src/controller_stopper_node.cpp.o[0m
[127.030s] [ 77%] [32m[1mLinking CXX executable controller_stopper_node[0m
[127.383s] [ 77%] Built target controller_stopper_node
[127.900s] running egg_info
[127.900s] creating ur_robot_driver.egg-info
[127.916s] writing ur_robot_driver.egg-info/PKG-INFO
[127.916s] writing dependency_links to ur_robot_driver.egg-info/dependency_links.txt
[127.916s] writing top-level names to ur_robot_driver.egg-info/top_level.txt
[127.917s] writing manifest file 'ur_robot_driver.egg-info/SOURCES.txt'
[127.966s] reading manifest file 'ur_robot_driver.egg-info/SOURCES.txt'
[127.966s] writing manifest file 'ur_robot_driver.egg-info/SOURCES.txt'
[127.989s] [ 77%] Built target ament_cmake_python_build_ur_robot_driver_egg
[128.014s] [ 83%] [32mBuilding CXX object CMakeFiles/dashboard_client.dir/src/dashboard_client_ros.cpp.o[0m
[145.308s] [ 88%] [32mBuilding CXX object CMakeFiles/dashboard_client.dir/src/urcl_log_handler.cpp.o[0m
[146.003s] [ 94%] [32mBuilding CXX object CMakeFiles/dashboard_client.dir/src/dashboard_client_node.cpp.o[0m
[151.258s] [100%] [32m[1mLinking CXX executable dashboard_client[0m
[151.622s] [100%] Built target dashboard_client
[151.634s] Invoked command in '/home/jon/swap_ws/build/ur_robot_driver' returned '0': CMAKE_PREFIX_PATH=/home/jon/swap_ws/install/ur_controllers:/home/jon/swap_ws/install/ur_dashboard_msgs:/home/jon/swap_ws/install/ur_robotiq:/home/jon/swap_ws/install/ur_robotiq_description:/home/jon/swap_ws/install/ur:/home/jon/swap_ws/install/ur_calibration:/home/jon/swap_ws/install/ur_robot_driver:/home/jon/swap_ws/install/ur_moveit_config:/home/jon/swap_ws/install/ur3e_2fg7_description:/opt/ros/jazzy/opt/sdformat_vendor:/opt/ros/jazzy/opt/gz_math_vendor:/opt/ros/jazzy/opt/gz_utils_vendor:/opt/ros/jazzy/opt/gz_tools_vendor:/opt/ros/jazzy/opt/gz_cmake_vendor:/opt/ros/jazzy DEBUGINFOD_URLS=https://debuginfod.ubuntu.com LD_LIBRARY_PATH=/home/jon/swap_ws/install/ur_controllers/lib:/home/jon/swap_ws/install/ur_dashboard_msgs/lib:/home/jon/swap_ws/install/ur_robot_driver/lib:/opt/ros/jazzy/opt/sdformat_vendor/lib:/opt/ros/jazzy/opt/rviz_ogre_vendor/lib:/opt/ros/jazzy/lib/x86_64-linux-gnu:/opt/ros/jazzy/opt/gz_math_vendor/lib:/opt/ros/jazzy/opt/gz_utils_vendor/lib:/opt/ros/jazzy/opt/gz_tools_vendor/lib:/opt/ros/jazzy/opt/gz_cmake_vendor/lib:/opt/ros/jazzy/lib PYTHONPATH=/home/jon/swap_ws/install/ur_dashboard_msgs/lib/python3.12/site-packages:/home/jon/swap_ws/install/ur_robot_driver/lib/python3.12/site-packages:/opt/ros/jazzy/lib/python3.12/site-packages /usr/bin/cmake --build /home/jon/swap_ws/build/ur_robot_driver -- -j4 -l4
[151.636s] Invoking command in '/home/jon/swap_ws/build/ur_robot_driver': CMAKE_PREFIX_PATH=/home/jon/swap_ws/install/ur_controllers:/home/jon/swap_ws/install/ur_dashboard_msgs:/home/jon/swap_ws/install/ur_robotiq:/home/jon/swap_ws/install/ur_robotiq_description:/home/jon/swap_ws/install/ur:/home/jon/swap_ws/install/ur_calibration:/home/jon/swap_ws/install/ur_robot_driver:/home/jon/swap_ws/install/ur_moveit_config:/home/jon/swap_ws/install/ur3e_2fg7_description:/opt/ros/jazzy/opt/sdformat_vendor:/opt/ros/jazzy/opt/gz_math_vendor:/opt/ros/jazzy/opt/gz_utils_vendor:/opt/ros/jazzy/opt/gz_tools_vendor:/opt/ros/jazzy/opt/gz_cmake_vendor:/opt/ros/jazzy DEBUGINFOD_URLS=https://debuginfod.ubuntu.com LD_LIBRARY_PATH=/home/jon/swap_ws/install/ur_controllers/lib:/home/jon/swap_ws/install/ur_dashboard_msgs/lib:/home/jon/swap_ws/install/ur_robot_driver/lib:/opt/ros/jazzy/opt/sdformat_vendor/lib:/opt/ros/jazzy/opt/rviz_ogre_vendor/lib:/opt/ros/jazzy/lib/x86_64-linux-gnu:/opt/ros/jazzy/opt/gz_math_vendor/lib:/opt/ros/jazzy/opt/gz_utils_vendor/lib:/opt/ros/jazzy/opt/gz_tools_vendor/lib:/opt/ros/jazzy/opt/gz_cmake_vendor/lib:/opt/ros/jazzy/lib PYTHONPATH=/home/jon/swap_ws/install/ur_dashboard_msgs/lib/python3.12/site-packages:/home/jon/swap_ws/install/ur_robot_driver/lib/python3.12/site-packages:/opt/ros/jazzy/lib/python3.12/site-packages /usr/bin/cmake --install /home/jon/swap_ws/build/ur_robot_driver
[151.645s] -- Install configuration: "RelWithDebInfo"
[151.645s] -- Installing: /home/jon/swap_ws/install/ur_robot_driver/share/ur_robot_driver/hardware_interface_plugin.xml
[151.647s] -- Installing: /home/jon/swap_ws/install/ur_robot_driver/lib/ur_robot_driver/dashboard_client
[151.659s] -- Set non-toolchain portion of runtime path of "/home/jon/swap_ws/install/ur_robot_driver/lib/ur_robot_driver/dashboard_client" to ""
[151.659s] -- Installing: /home/jon/swap_ws/install/ur_robot_driver/lib/ur_robot_driver/controller_stopper_node
[151.674s] -- Set non-toolchain portion of runtime path of "/home/jon/swap_ws/install/ur_robot_driver/lib/ur_robot_driver/controller_stopper_node" to ""
[151.674s] -- Installing: /home/jon/swap_ws/install/ur_robot_driver/lib/ur_robot_driver/urscript_interface
[151.681s] -- Set non-toolchain portion of runtime path of "/home/jon/swap_ws/install/ur_robot_driver/lib/ur_robot_driver/urscript_interface" to ""
[151.681s] -- Installing: /home/jon/swap_ws/install/ur_robot_driver/lib/ur_robot_driver/robot_state_helper
[151.701s] -- Set non-toolchain portion of runtime path of "/home/jon/swap_ws/install/ur_robot_driver/lib/ur_robot_driver/robot_state_helper" to ""
[151.701s] -- Installing: /home/jon/swap_ws/install/ur_robot_driver/lib/libur_robot_driver_plugin.so
[151.740s] -- Set non-toolchain portion of runtime path of "/home/jon/swap_ws/install/ur_robot_driver/lib/libur_robot_driver_plugin.so" to ""
[151.740s] -- Installing: /home/jon/swap_ws/install/ur_robot_driver/include
[151.740s] -- Installing: /home/jon/swap_ws/install/ur_robot_driver/include/ur_robot_driver
[151.740s] -- Installing: /home/jon/swap_ws/install/ur_robot_driver/include/ur_robot_driver/controller_stopper.hpp
[151.740s] -- Installing: /home/jon/swap_ws/install/ur_robot_driver/include/ur_robot_driver/robot_state_helper.hpp
[151.740s] -- Installing: /home/jon/swap_ws/install/ur_robot_driver/include/ur_robot_driver/hardware_interface.hpp
[151.740s] -- Installing: /home/jon/swap_ws/install/ur_robot_driver/include/ur_robot_driver/dashboard_client_ros.hpp
[151.741s] -- Installing: /home/jon/swap_ws/install/ur_robot_driver/include/ur_robot_driver/urcl_log_handler.hpp
[151.741s] -- Installing: /home/jon/swap_ws/install/ur_robot_driver/share/ur_robot_driver/environment/library_path.sh
[151.741s] -- Installing: /home/jon/swap_ws/install/ur_robot_driver/share/ur_robot_driver/environment/library_path.dsv
[151.742s] -- Installing: /home/jon/swap_ws/install/ur_robot_driver/share/ur_robot_driver/resources
[151.744s] -- Installing: /home/jon/swap_ws/install/ur_robot_driver/share/ur_robot_driver/resources/rtde_input_recipe.txt
[151.744s] -- Installing: /home/jon/swap_ws/install/ur_robot_driver/share/ur_robot_driver/resources/externalcontrol-1.0.5.urcap
[151.746s] -- Installing: /home/jon/swap_ws/install/ur_robot_driver/share/ur_robot_driver/resources/rs485-1.0.urcap
[151.746s] -- Installing: /home/jon/swap_ws/install/ur_robot_driver/share/ur_robot_driver/resources/rtde_output_recipe.txt
[151.747s] -- Up-to-date: /home/jon/swap_ws/install/ur_robot_driver/include
[151.747s] -- Up-to-date: /home/jon/swap_ws/install/ur_robot_driver/include/ur_robot_driver
[151.747s] -- Up-to-date: /home/jon/swap_ws/install/ur_robot_driver/include/ur_robot_driver/controller_stopper.hpp
[151.748s] -- Up-to-date: /home/jon/swap_ws/install/ur_robot_driver/include/ur_robot_driver/robot_state_helper.hpp
[151.748s] -- Up-to-date: /home/jon/swap_ws/install/ur_robot_driver/include/ur_robot_driver/hardware_interface.hpp
[151.748s] -- Up-to-date: /home/jon/swap_ws/install/ur_robot_driver/include/ur_robot_driver/dashboard_client_ros.hpp
[151.748s] -- Up-to-date: /home/jon/swap_ws/install/ur_robot_driver/include/ur_robot_driver/urcl_log_handler.hpp
[151.748s] -- Installing: /home/jon/swap_ws/install/ur_robot_driver/share/ur_robot_driver/environment/pythonpath.sh
[151.748s] -- Installing: /home/jon/swap_ws/install/ur_robot_driver/share/ur_robot_driver/environment/pythonpath.dsv
[151.748s] -- Installing: /home/jon/swap_ws/install/ur_robot_driver/lib/python3.12/site-packages/ur_robot_driver-3.2.1-py3.12.egg-info
[151.749s] -- Installing: /home/jon/swap_ws/install/ur_robot_driver/lib/python3.12/site-packages/ur_robot_driver-3.2.1-py3.12.egg-info/dependency_links.txt
[151.749s] -- Installing: /home/jon/swap_ws/install/ur_robot_driver/lib/python3.12/site-packages/ur_robot_driver-3.2.1-py3.12.egg-info/PKG-INFO
[151.749s] -- Installing: /home/jon/swap_ws/install/ur_robot_driver/lib/python3.12/site-packages/ur_robot_driver-3.2.1-py3.12.egg-info/SOURCES.txt
[151.749s] -- Installing: /home/jon/swap_ws/install/ur_robot_driver/lib/python3.12/site-packages/ur_robot_driver-3.2.1-py3.12.egg-info/top_level.txt
[151.749s] -- Installing: /home/jon/swap_ws/install/ur_robot_driver/lib/python3.12/site-packages/ur_robot_driver
[151.749s] -- Installing: /home/jon/swap_ws/install/ur_robot_driver/lib/python3.12/site-packages/ur_robot_driver/__init__.py
[151.786s] Listing '/home/jon/swap_ws/install/ur_robot_driver/lib/python3.12/site-packages/ur_robot_driver'...
[151.786s] Compiling '/home/jon/swap_ws/install/ur_robot_driver/lib/python3.12/site-packages/ur_robot_driver/__init__.py'...
[151.790s] -- Installing: /home/jon/swap_ws/install/ur_robot_driver/lib/ur_robot_driver/tool_communication.py
[151.791s] -- Installing: /home/jon/swap_ws/install/ur_robot_driver/lib/ur_robot_driver/wait_for_robot_description
[151.792s] -- Installing: /home/jon/swap_ws/install/ur_robot_driver/lib/ur_robot_driver/example_move.py
[151.793s] -- Installing: /home/jon/swap_ws/install/ur_robot_driver/lib/ur_robot_driver/start_ursim.sh
[151.794s] -- Installing: /home/jon/swap_ws/install/ur_robot_driver/lib/ur_robot_driver/examples.py
[151.794s] -- Installing: /home/jon/swap_ws/install/ur_robot_driver/lib/ur_robot_driver/force_mode.py
[151.795s] -- Installing: /home/jon/swap_ws/install/ur_robot_driver/bin/wait_dashboard_server.sh
[151.796s] -- Installing: /home/jon/swap_ws/install/ur_robot_driver/share/ur_robot_driver/config
[151.796s] -- Installing: /home/jon/swap_ws/install/ur_robot_driver/share/ur_robot_driver/config/ur10_update_rate.yaml
[151.797s] -- Installing: /home/jon/swap_ws/install/ur_robot_driver/share/ur_robot_driver/config/ur10e_update_rate.yaml
[151.797s] -- Installing: /home/jon/swap_ws/install/ur_robot_driver/share/ur_robot_driver/config/ur3e_update_rate.yaml
[151.798s] -- Installing: /home/jon/swap_ws/install/ur_robot_driver/share/ur_robot_driver/config/ur16e_update_rate.yaml
[151.798s] -- Installing: /home/jon/swap_ws/install/ur_robot_driver/share/ur_robot_driver/config/ur5_update_rate.yaml
[151.798s] -- Installing: /home/jon/swap_ws/install/ur_robot_driver/share/ur_robot_driver/config/ur30_update_rate.yaml
[151.798s] -- Installing: /home/jon/swap_ws/install/ur_robot_driver/share/ur_robot_driver/config/ur20_update_rate.yaml
[151.798s] -- Installing: /home/jon/swap_ws/install/ur_robot_driver/share/ur_robot_driver/config/ur_controllers.yaml
[151.798s] -- Installing: /home/jon/swap_ws/install/ur_robot_driver/share/ur_robot_driver/config/test_velocity_goal_publishers_config.yaml
[151.799s] -- Installing: /home/jon/swap_ws/install/ur_robot_driver/share/ur_robot_driver/config/ur5e_update_rate.yaml
[151.799s] -- Installing: /home/jon/swap_ws/install/ur_robot_driver/share/ur_robot_driver/config/test_goal_publishers_config.yaml
[151.799s] -- Installing: /home/jon/swap_ws/install/ur_robot_driver/share/ur_robot_driver/config/ur3_update_rate.yaml
[151.799s] -- Installing: /home/jon/swap_ws/install/ur_robot_driver/share/ur_robot_driver/launch
[151.800s] -- Installing: /home/jon/swap_ws/install/ur_robot_driver/share/ur_robot_driver/launch/ur3.launch.py
[151.800s] -- Installing: /home/jon/swap_ws/install/ur_robot_driver/share/ur_robot_driver/launch/test_joint_trajectory_controller.launch.py
[151.801s] -- Installing: /home/jon/swap_ws/install/ur_robot_driver/share/ur_robot_driver/launch/ur_dashboard_client.launch.py
[151.801s] -- Installing: /home/jon/swap_ws/install/ur_robot_driver/share/ur_robot_driver/launch/ur10e.launch.py
[151.802s] -- Installing: /home/jon/swap_ws/install/ur_robot_driver/share/ur_robot_driver/launch/ur10.launch.py
[151.802s] -- Installing: /home/jon/swap_ws/install/ur_robot_driver/share/ur_robot_driver/launch/test_forward_velocity_controller.launch.py
[151.802s] -- Installing: /home/jon/swap_ws/install/ur_robot_driver/share/ur_robot_driver/launch/ur20.launch.py
[151.803s] -- Installing: /home/jon/swap_ws/install/ur_robot_driver/share/ur_robot_driver/launch/ur5e.launch.py
[151.803s] -- Installing: /home/jon/swap_ws/install/ur_robot_driver/share/ur_robot_driver/launch/test_scaled_joint_trajectory_controller.launch.py
[151.804s] -- Installing: /home/jon/swap_ws/install/ur_robot_driver/share/ur_robot_driver/launch/ur_control.launch.py
[151.804s] -- Installing: /home/jon/swap_ws/install/ur_robot_driver/share/ur_robot_driver/launch/ur5.launch.py
[151.805s] -- Installing: /home/jon/swap_ws/install/ur_robot_driver/share/ur_robot_driver/launch/ur_rsp.launch.py
[151.807s] -- Installing: /home/jon/swap_ws/install/ur_robot_driver/share/ur_robot_driver/launch/ur30.launch.py
[151.807s] -- Installing: /home/jon/swap_ws/install/ur_robot_driver/share/ur_robot_driver/launch/ur16e.launch.py
[151.808s] -- Installing: /home/jon/swap_ws/install/ur_robot_driver/share/ur_robot_driver/launch/ur7e.launch.py
[151.808s] -- Installing: /home/jon/swap_ws/install/ur_robot_driver/share/ur_robot_driver/launch/ur3e.launch.py
[151.809s] -- Installing: /home/jon/swap_ws/install/ur_robot_driver/share/ur_robot_driver/launch/ur12e.launch.py
[151.809s] -- Installing: /home/jon/swap_ws/install/ur_robot_driver/share/ur_robot_driver/urdf
[151.811s] -- Installing: /home/jon/swap_ws/install/ur_robot_driver/share/ur_robot_driver/urdf/ur.ros2_control.xacro
[151.812s] -- Installing: /home/jon/swap_ws/install/ur_robot_driver/share/ur_robot_driver/urdf/ur.urdf.xacro
[151.815s] -- Installing: /home/jon/swap_ws/install/ur_robot_driver/share/ament_index/resource_index/package_run_dependencies/ur_robot_driver
[151.815s] -- Installing: /home/jon/swap_ws/install/ur_robot_driver/share/ament_index/resource_index/parent_prefix_path/ur_robot_driver
[151.816s] -- Installing: /home/jon/swap_ws/install/ur_robot_driver/share/ur_robot_driver/environment/ament_prefix_path.sh
[151.816s] -- Installing: /home/jon/swap_ws/install/ur_robot_driver/share/ur_robot_driver/environment/ament_prefix_path.dsv
[151.817s] -- Installing: /home/jon/swap_ws/install/ur_robot_driver/share/ur_robot_driver/environment/path.sh
[151.817s] -- Installing: /home/jon/swap_ws/install/ur_robot_driver/share/ur_robot_driver/environment/path.dsv
[151.818s] -- Installing: /home/jon/swap_ws/install/ur_robot_driver/share/ur_robot_driver/local_setup.bash
[151.819s] -- Installing: /home/jon/swap_ws/install/ur_robot_driver/share/ur_robot_driver/local_setup.sh
[151.819s] -- Installing: /home/jon/swap_ws/install/ur_robot_driver/share/ur_robot_driver/local_setup.zsh
[151.820s] -- Installing: /home/jon/swap_ws/install/ur_robot_driver/share/ur_robot_driver/local_setup.dsv
[151.820s] -- Installing: /home/jon/swap_ws/install/ur_robot_driver/share/ur_robot_driver/package.dsv
[151.821s] -- Installing: /home/jon/swap_ws/install/ur_robot_driver/share/ament_index/resource_index/packages/ur_robot_driver
[151.821s] -- Installing: /home/jon/swap_ws/install/ur_robot_driver/share/ament_index/resource_index/hardware_interface__pluginlib__plugin/ur_robot_driver
[151.821s] -- Installing: /home/jon/swap_ws/install/ur_robot_driver/share/ur_robot_driver/cmake/ament_cmake_export_include_directories-extras.cmake
[151.822s] -- Installing: /home/jon/swap_ws/install/ur_robot_driver/share/ur_robot_driver/cmake/ament_cmake_export_libraries-extras.cmake
[151.822s] -- Installing: /home/jon/swap_ws/install/ur_robot_driver/share/ur_robot_driver/cmake/ament_cmake_export_dependencies-extras.cmake
[151.822s] -- Installing: /home/jon/swap_ws/install/ur_robot_driver/share/ur_robot_driver/cmake/ur_robot_driverConfig.cmake
[151.823s] -- Installing: /home/jon/swap_ws/install/ur_robot_driver/share/ur_robot_driver/cmake/ur_robot_driverConfig-version.cmake
[151.823s] -- Installing: /home/jon/swap_ws/install/ur_robot_driver/share/ur_robot_driver/package.xml
[151.828s] Invoked command in '/home/jon/swap_ws/build/ur_robot_driver' returned '0': CMAKE_PREFIX_PATH=/home/jon/swap_ws/install/ur_controllers:/home/jon/swap_ws/install/ur_dashboard_msgs:/home/jon/swap_ws/install/ur_robotiq:/home/jon/swap_ws/install/ur_robotiq_description:/home/jon/swap_ws/install/ur:/home/jon/swap_ws/install/ur_calibration:/home/jon/swap_ws/install/ur_robot_driver:/home/jon/swap_ws/install/ur_moveit_config:/home/jon/swap_ws/install/ur3e_2fg7_description:/opt/ros/jazzy/opt/sdformat_vendor:/opt/ros/jazzy/opt/gz_math_vendor:/opt/ros/jazzy/opt/gz_utils_vendor:/opt/ros/jazzy/opt/gz_tools_vendor:/opt/ros/jazzy/opt/gz_cmake_vendor:/opt/ros/jazzy DEBUGINFOD_URLS=https://debuginfod.ubuntu.com LD_LIBRARY_PATH=/home/jon/swap_ws/install/ur_controllers/lib:/home/jon/swap_ws/install/ur_dashboard_msgs/lib:/home/jon/swap_ws/install/ur_robot_driver/lib:/opt/ros/jazzy/opt/sdformat_vendor/lib:/opt/ros/jazzy/opt/rviz_ogre_vendor/lib:/opt/ros/jazzy/lib/x86_64-linux-gnu:/opt/ros/jazzy/opt/gz_math_vendor/lib:/opt/ros/jazzy/opt/gz_utils_vendor/lib:/opt/ros/jazzy/opt/gz_tools_vendor/lib:/opt/ros/jazzy/opt/gz_cmake_vendor/lib:/opt/ros/jazzy/lib PYTHONPATH=/home/jon/swap_ws/install/ur_dashboard_msgs/lib/python3.12/site-packages:/home/jon/swap_ws/install/ur_robot_driver/lib/python3.12/site-packages:/opt/ros/jazzy/lib/python3.12/site-packages /usr/bin/cmake --install /home/jon/swap_ws/build/ur_robot_driver
