[0.029s] Invoking command in '/home/jon/swap_ws/build/ur': CMAKE_PREFIX_PATH=/home/jon/swap_ws/install/ur_calibration:/home/jon/swap_ws/install/ur_robot_driver:/home/jon/swap_ws/install/ur_controllers:/home/jon/swap_ws/install/ur_moveit_config:/home/jon/swap_ws/install/ur_dashboard_msgs:/home/jon/swap_ws/install/ur_robotiq:/home/jon/swap_ws/install/ur_robotiq_description:/home/jon/swap_ws/install/ur:/home/jon/swap_ws/install/ur3e_2fg7_description:/opt/ros/jazzy/opt/sdformat_vendor:/opt/ros/jazzy/opt/gz_math_vendor:/opt/ros/jazzy/opt/gz_utils_vendor:/opt/ros/jazzy/opt/gz_tools_vendor:/opt/ros/jazzy/opt/gz_cmake_vendor:/opt/ros/jazzy DEBUGINFOD_URLS=https://debuginfod.ubuntu.com /usr/bin/cmake --build /home/jon/swap_ws/build/ur -- -j4 -l4
[0.091s] Invoked command in '/home/jon/swap_ws/build/ur' returned '0': CMAKE_PREFIX_PATH=/home/jon/swap_ws/install/ur_calibration:/home/jon/swap_ws/install/ur_robot_driver:/home/jon/swap_ws/install/ur_controllers:/home/jon/swap_ws/install/ur_moveit_config:/home/jon/swap_ws/install/ur_dashboard_msgs:/home/jon/swap_ws/install/ur_robotiq:/home/jon/swap_ws/install/ur_robotiq_description:/home/jon/swap_ws/install/ur:/home/jon/swap_ws/install/ur3e_2fg7_description:/opt/ros/jazzy/opt/sdformat_vendor:/opt/ros/jazzy/opt/gz_math_vendor:/opt/ros/jazzy/opt/gz_utils_vendor:/opt/ros/jazzy/opt/gz_tools_vendor:/opt/ros/jazzy/opt/gz_cmake_vendor:/opt/ros/jazzy DEBUGINFOD_URLS=https://debuginfod.ubuntu.com /usr/bin/cmake --build /home/jon/swap_ws/build/ur -- -j4 -l4
[0.093s] Invoking command in '/home/jon/swap_ws/build/ur': CMAKE_PREFIX_PATH=/home/jon/swap_ws/install/ur_calibration:/home/jon/swap_ws/install/ur_robot_driver:/home/jon/swap_ws/install/ur_controllers:/home/jon/swap_ws/install/ur_moveit_config:/home/jon/swap_ws/install/ur_dashboard_msgs:/home/jon/swap_ws/install/ur_robotiq:/home/jon/swap_ws/install/ur_robotiq_description:/home/jon/swap_ws/install/ur:/home/jon/swap_ws/install/ur3e_2fg7_description:/opt/ros/jazzy/opt/sdformat_vendor:/opt/ros/jazzy/opt/gz_math_vendor:/opt/ros/jazzy/opt/gz_utils_vendor:/opt/ros/jazzy/opt/gz_tools_vendor:/opt/ros/jazzy/opt/gz_cmake_vendor:/opt/ros/jazzy DEBUGINFOD_URLS=https://debuginfod.ubuntu.com /usr/bin/cmake --install /home/jon/swap_ws/build/ur
[0.109s] -- Install configuration: ""
[0.109s] -- Up-to-date: /home/jon/swap_ws/install/ur/share/ament_index/resource_index/package_run_dependencies/ur
[0.109s] -- Up-to-date: /home/jon/swap_ws/install/ur/share/ament_index/resource_index/parent_prefix_path/ur
[0.109s] -- Up-to-date: /home/jon/swap_ws/install/ur/share/ur/environment/ament_prefix_path.sh
[0.109s] -- Up-to-date: /home/jon/swap_ws/install/ur/share/ur/environment/ament_prefix_path.dsv
[0.109s] -- Up-to-date: /home/jon/swap_ws/install/ur/share/ur/environment/path.sh
[0.109s] -- Up-to-date: /home/jon/swap_ws/install/ur/share/ur/environment/path.dsv
[0.110s] -- Up-to-date: /home/jon/swap_ws/install/ur/share/ur/local_setup.bash
[0.110s] -- Up-to-date: /home/jon/swap_ws/install/ur/share/ur/local_setup.sh
[0.110s] -- Up-to-date: /home/jon/swap_ws/install/ur/share/ur/local_setup.zsh
[0.110s] -- Up-to-date: /home/jon/swap_ws/install/ur/share/ur/local_setup.dsv
[0.110s] -- Installing: /home/jon/swap_ws/install/ur/share/ur/package.dsv
[0.110s] -- Up-to-date: /home/jon/swap_ws/install/ur/share/ament_index/resource_index/packages/ur
[0.110s] -- Up-to-date: /home/jon/swap_ws/install/ur/share/ur/cmake/urConfig.cmake
[0.110s] -- Up-to-date: /home/jon/swap_ws/install/ur/share/ur/cmake/urConfig-version.cmake
[0.110s] -- Up-to-date: /home/jon/swap_ws/install/ur/share/ur/package.xml
[0.112s] Invoked command in '/home/jon/swap_ws/build/ur' returned '0': CMAKE_PREFIX_PATH=/home/jon/swap_ws/install/ur_calibration:/home/jon/swap_ws/install/ur_robot_driver:/home/jon/swap_ws/install/ur_controllers:/home/jon/swap_ws/install/ur_moveit_config:/home/jon/swap_ws/install/ur_dashboard_msgs:/home/jon/swap_ws/install/ur_robotiq:/home/jon/swap_ws/install/ur_robotiq_description:/home/jon/swap_ws/install/ur:/home/jon/swap_ws/install/ur3e_2fg7_description:/opt/ros/jazzy/opt/sdformat_vendor:/opt/ros/jazzy/opt/gz_math_vendor:/opt/ros/jazzy/opt/gz_utils_vendor:/opt/ros/jazzy/opt/gz_tools_vendor:/opt/ros/jazzy/opt/gz_cmake_vendor:/opt/ros/jazzy DEBUGINFOD_URLS=https://debuginfod.ubuntu.com /usr/bin/cmake --install /home/jon/swap_ws/build/ur
