[0.031s] Invoking command in '/home/jon/swap_ws/build/ur_calibration': CMAKE_PREFIX_PATH=/home/jon/swap_ws/install/ur_robot_driver:/home/jon/swap_ws/install/ur_controllers:/home/jon/swap_ws/install/ur_dashboard_msgs:/home/jon/swap_ws/install/ur_robotiq:/home/jon/swap_ws/install/ur_robotiq_description:/home/jon/swap_ws/install/ur:/home/jon/swap_ws/install/ur_calibration:/home/jon/swap_ws/install/ur_moveit_config:/home/jon/swap_ws/install/ur3e_2fg7_description:/opt/ros/jazzy/opt/sdformat_vendor:/opt/ros/jazzy/opt/gz_math_vendor:/opt/ros/jazzy/opt/gz_utils_vendor:/opt/ros/jazzy/opt/gz_tools_vendor:/opt/ros/jazzy/opt/gz_cmake_vendor:/opt/ros/jazzy DEBUGINFOD_URLS=https://debuginfod.ubuntu.com /usr/bin/cmake /home/jon/swap_ws/src/Universal_Robots_ROS2_Driver/ur_calibration -DCMAKE_INSTALL_PREFIX=/home/jon/swap_ws/install/ur_calibration
[0.097s] -- The C compiler identification is GNU 13.3.0
[0.158s] -- The CXX compiler identification is GNU 13.3.0
[0.177s] -- Detecting C compiler ABI info
[0.269s] -- Detecting C compiler ABI info - done
[0.275s] -- Check for working C compiler: /usr/bin/cc - skipped
[0.275s] -- Detecting C compile features
[0.276s] -- Detecting C compile features - done
[0.287s] -- Detecting CXX compiler ABI info
[0.389s] -- Detecting CXX compiler ABI info - done
[0.397s] -- Check for working CXX compiler: /usr/bin/c++ - skipped
[0.397s] -- Detecting CXX compile features
[0.397s] -- Detecting CXX compile features - done
[0.406s] -- Found ament_cmake: 2.5.3 (/opt/ros/jazzy/share/ament_cmake/cmake)
[0.549s] -- Found Python3: /usr/bin/python3 (found version "3.12.3") found components: Interpreter 
[0.682s] -- Found rclcpp: 28.1.8 (/opt/ros/jazzy/share/rclcpp/cmake)
[0.742s] -- Found rosidl_generator_c: 4.6.5 (/opt/ros/jazzy/share/rosidl_generator_c/cmake)
[0.760s] -- Found rosidl_generator_cpp: 4.6.5 (/opt/ros/jazzy/share/rosidl_generator_cpp/cmake)
[0.785s] -- Using all available rosidl_typesupport_c: rosidl_typesupport_fastrtps_c;rosidl_typesupport_introspection_c
[0.812s] -- Using all available rosidl_typesupport_cpp: rosidl_typesupport_fastrtps_cpp;rosidl_typesupport_introspection_cpp
[0.915s] -- Found rmw_implementation_cmake: 7.3.2 (/opt/ros/jazzy/share/rmw_implementation_cmake/cmake)
[0.920s] -- Found rmw_fastrtps_cpp: 8.4.2 (/opt/ros/jazzy/share/rmw_fastrtps_cpp/cmake)
[1.014s] -- Found OpenSSL: /usr/lib/x86_64-linux-gnu/libcrypto.so (found version "3.0.13")  
[1.032s] -- Found FastRTPS: /opt/ros/jazzy/include (Required is at least version "2.13") 
[1.051s] -- Using RMW implementation 'rmw_fastrtps_cpp' as default
[1.147s] -- Found ur_robot_driver: 3.2.1 (/home/jon/swap_ws/install/ur_robot_driver/share/ur_robot_driver/cmake)
[1.791s] -- Found eigen3_cmake_module: 0.3.0 (/opt/ros/jazzy/share/eigen3_cmake_module/cmake)
[1.793s] -- Found Eigen3: TRUE (found version "3.4.0") 
[1.793s] -- Ensuring Eigen3 include directory is part of orocos-kdl CMake target
[1.988s] -- Found yaml_cpp_vendor: 9.0.1 (/opt/ros/jazzy/share/yaml_cpp_vendor/cmake)
[1.988s] -- Setting yaml-cpp_DIR to: '/opt/ros/jazzy/share/yaml_cpp_vendor/cmake/../../../opt/yaml_cpp_vendor/share/cmake/yaml-cpp'
[2.022s] -- Found ament_cmake_gmock: 2.5.3 (/opt/ros/jazzy/share/ament_cmake_gmock/cmake)
[2.028s] -- Found gmock sources under '/opt/ros/jazzy/src/gmock_vendor': C++ tests using 'Google Mock' will be built
[2.039s] -- Found ament_cmake_gtest: 2.5.3 (/opt/ros/jazzy/share/ament_cmake_gtest/cmake)
[2.042s] -- Found gtest sources under '/opt/ros/jazzy/src/gtest_vendor': C++ tests using 'Google Test' will be built
[2.147s] -- Configuring done (2.1s)
[2.328s] -- Generating done (0.2s)
[2.337s] -- Build files have been written to: /home/jon/swap_ws/build/ur_calibration
[2.353s] Invoked command in '/home/jon/swap_ws/build/ur_calibration' returned '0': CMAKE_PREFIX_PATH=/home/jon/swap_ws/install/ur_robot_driver:/home/jon/swap_ws/install/ur_controllers:/home/jon/swap_ws/install/ur_dashboard_msgs:/home/jon/swap_ws/install/ur_robotiq:/home/jon/swap_ws/install/ur_robotiq_description:/home/jon/swap_ws/install/ur:/home/jon/swap_ws/install/ur_calibration:/home/jon/swap_ws/install/ur_moveit_config:/home/jon/swap_ws/install/ur3e_2fg7_description:/opt/ros/jazzy/opt/sdformat_vendor:/opt/ros/jazzy/opt/gz_math_vendor:/opt/ros/jazzy/opt/gz_utils_vendor:/opt/ros/jazzy/opt/gz_tools_vendor:/opt/ros/jazzy/opt/gz_cmake_vendor:/opt/ros/jazzy DEBUGINFOD_URLS=https://debuginfod.ubuntu.com /usr/bin/cmake /home/jon/swap_ws/src/Universal_Robots_ROS2_Driver/ur_calibration -DCMAKE_INSTALL_PREFIX=/home/jon/swap_ws/install/ur_calibration
[2.355s] Invoking command in '/home/jon/swap_ws/build/ur_calibration': CMAKE_PREFIX_PATH=/home/jon/swap_ws/install/ur_robot_driver:/home/jon/swap_ws/install/ur_controllers:/home/jon/swap_ws/install/ur_dashboard_msgs:/home/jon/swap_ws/install/ur_robotiq:/home/jon/swap_ws/install/ur_robotiq_description:/home/jon/swap_ws/install/ur:/home/jon/swap_ws/install/ur_calibration:/home/jon/swap_ws/install/ur_moveit_config:/home/jon/swap_ws/install/ur3e_2fg7_description:/opt/ros/jazzy/opt/sdformat_vendor:/opt/ros/jazzy/opt/gz_math_vendor:/opt/ros/jazzy/opt/gz_utils_vendor:/opt/ros/jazzy/opt/gz_tools_vendor:/opt/ros/jazzy/opt/gz_cmake_vendor:/opt/ros/jazzy DEBUGINFOD_URLS=https://debuginfod.ubuntu.com /usr/bin/cmake --build /home/jon/swap_ws/build/ur_calibration -- -j4 -l4
[2.415s] [  8%] [32mBuilding CXX object CMakeFiles/calibration.dir/src/calibration.cpp.o[0m
[7.867s] [ 16%] [32mBuilding CXX object CMakeFiles/calibration.dir/src/calibration_consumer.cpp.o[0m
[12.661s] [ 25%] [32m[1mLinking CXX static library libcalibration.a[0m
[13.205s] [ 25%] Built target calibration
[13.230s] [ 50%] [32mBuilding CXX object gmock/CMakeFiles/gmock_main.dir/src/gmock_main.cc.o[0m
[13.230s] [ 50%] [32mBuilding CXX object gmock/CMakeFiles/gmock.dir/src/gmock-all.cc.o[0m
[13.230s] [ 50%] [32mBuilding CXX object CMakeFiles/calibration_correction.dir/src/calibration_correction.cpp.o[0m
[13.230s] [ 58%] [32mBuilding CXX object gmock/CMakeFiles/gmock.dir/opt/ros/jazzy/src/gtest_vendor/src/gtest-all.cc.o[0m
[14.518s] [ 66%] [32m[1mLinking CXX static library libgmock_main.a[0m
[14.637s] [ 66%] Built target gmock_main
[19.317s] [ 75%] [32m[1mLinking CXX executable calibration_correction[0m
[19.664s] [ 75%] Built target calibration_correction
[21.752s] [ 83%] [32m[1mLinking CXX static library libgmock.a[0m
[21.860s] [ 83%] Built target gmock
[21.885s] [ 91%] [32mBuilding CXX object CMakeFiles/calibration_test.dir/test/calibration_test.cpp.o[0m
[28.517s] [100%] [32m[1mLinking CXX executable calibration_test[0m
[28.780s] [100%] Built target calibration_test
[28.794s] Invoked command in '/home/jon/swap_ws/build/ur_calibration' returned '0': CMAKE_PREFIX_PATH=/home/jon/swap_ws/install/ur_robot_driver:/home/jon/swap_ws/install/ur_controllers:/home/jon/swap_ws/install/ur_dashboard_msgs:/home/jon/swap_ws/install/ur_robotiq:/home/jon/swap_ws/install/ur_robotiq_description:/home/jon/swap_ws/install/ur:/home/jon/swap_ws/install/ur_calibration:/home/jon/swap_ws/install/ur_moveit_config:/home/jon/swap_ws/install/ur3e_2fg7_description:/opt/ros/jazzy/opt/sdformat_vendor:/opt/ros/jazzy/opt/gz_math_vendor:/opt/ros/jazzy/opt/gz_utils_vendor:/opt/ros/jazzy/opt/gz_tools_vendor:/opt/ros/jazzy/opt/gz_cmake_vendor:/opt/ros/jazzy DEBUGINFOD_URLS=https://debuginfod.ubuntu.com /usr/bin/cmake --build /home/jon/swap_ws/build/ur_calibration -- -j4 -l4
[28.796s] Invoking command in '/home/jon/swap_ws/build/ur_calibration': CMAKE_PREFIX_PATH=/home/jon/swap_ws/install/ur_robot_driver:/home/jon/swap_ws/install/ur_controllers:/home/jon/swap_ws/install/ur_dashboard_msgs:/home/jon/swap_ws/install/ur_robotiq:/home/jon/swap_ws/install/ur_robotiq_description:/home/jon/swap_ws/install/ur:/home/jon/swap_ws/install/ur_calibration:/home/jon/swap_ws/install/ur_moveit_config:/home/jon/swap_ws/install/ur3e_2fg7_description:/opt/ros/jazzy/opt/sdformat_vendor:/opt/ros/jazzy/opt/gz_math_vendor:/opt/ros/jazzy/opt/gz_utils_vendor:/opt/ros/jazzy/opt/gz_tools_vendor:/opt/ros/jazzy/opt/gz_cmake_vendor:/opt/ros/jazzy DEBUGINFOD_URLS=https://debuginfod.ubuntu.com /usr/bin/cmake --install /home/jon/swap_ws/build/ur_calibration
[28.805s] -- Install configuration: "Release"
[28.805s] -- Installing: /home/jon/swap_ws/install/ur_calibration/lib/ur_calibration/calibration_correction
[28.806s] -- Set non-toolchain portion of runtime path of "/home/jon/swap_ws/install/ur_calibration/lib/ur_calibration/calibration_correction" to ""
[28.806s] -- Installing: /home/jon/swap_ws/install/ur_calibration/include
[28.806s] -- Installing: /home/jon/swap_ws/install/ur_calibration/include/ur_calibration
[28.806s] -- Installing: /home/jon/swap_ws/install/ur_calibration/include/ur_calibration/calibration_consumer.hpp
[28.806s] -- Installing: /home/jon/swap_ws/install/ur_calibration/include/ur_calibration/calibration.hpp
[28.806s] -- Installing: /home/jon/swap_ws/install/ur_calibration/share/ur_calibration/launch
[28.807s] -- Installing: /home/jon/swap_ws/install/ur_calibration/share/ur_calibration/launch/calibration_correction.launch.py
[28.807s] -- Installing: /home/jon/swap_ws/install/ur_calibration/share/ament_index/resource_index/package_run_dependencies/ur_calibration
[28.807s] -- Installing: /home/jon/swap_ws/install/ur_calibration/share/ament_index/resource_index/parent_prefix_path/ur_calibration
[28.807s] -- Installing: /home/jon/swap_ws/install/ur_calibration/share/ur_calibration/environment/ament_prefix_path.sh
[28.808s] -- Installing: /home/jon/swap_ws/install/ur_calibration/share/ur_calibration/environment/ament_prefix_path.dsv
[28.808s] -- Installing: /home/jon/swap_ws/install/ur_calibration/share/ur_calibration/environment/path.sh
[28.808s] -- Installing: /home/jon/swap_ws/install/ur_calibration/share/ur_calibration/environment/path.dsv
[28.808s] -- Installing: /home/jon/swap_ws/install/ur_calibration/share/ur_calibration/local_setup.bash
[28.808s] -- Installing: /home/jon/swap_ws/install/ur_calibration/share/ur_calibration/local_setup.sh
[28.808s] -- Installing: /home/jon/swap_ws/install/ur_calibration/share/ur_calibration/local_setup.zsh
[28.808s] -- Installing: /home/jon/swap_ws/install/ur_calibration/share/ur_calibration/local_setup.dsv
[28.808s] -- Installing: /home/jon/swap_ws/install/ur_calibration/share/ur_calibration/package.dsv
[28.809s] -- Installing: /home/jon/swap_ws/install/ur_calibration/share/ament_index/resource_index/packages/ur_calibration
[28.809s] -- Installing: /home/jon/swap_ws/install/ur_calibration/share/ur_calibration/cmake/ament_cmake_export_include_directories-extras.cmake
[28.809s] -- Installing: /home/jon/swap_ws/install/ur_calibration/share/ur_calibration/cmake/ament_cmake_export_dependencies-extras.cmake
[28.809s] -- Installing: /home/jon/swap_ws/install/ur_calibration/share/ur_calibration/cmake/ur_calibrationConfig.cmake
[28.809s] -- Installing: /home/jon/swap_ws/install/ur_calibration/share/ur_calibration/cmake/ur_calibrationConfig-version.cmake
[28.809s] -- Installing: /home/jon/swap_ws/install/ur_calibration/share/ur_calibration/package.xml
[28.812s] Invoked command in '/home/jon/swap_ws/build/ur_calibration' returned '0': CMAKE_PREFIX_PATH=/home/jon/swap_ws/install/ur_robot_driver:/home/jon/swap_ws/install/ur_controllers:/home/jon/swap_ws/install/ur_dashboard_msgs:/home/jon/swap_ws/install/ur_robotiq:/home/jon/swap_ws/install/ur_robotiq_description:/home/jon/swap_ws/install/ur:/home/jon/swap_ws/install/ur_calibration:/home/jon/swap_ws/install/ur_moveit_config:/home/jon/swap_ws/install/ur3e_2fg7_description:/opt/ros/jazzy/opt/sdformat_vendor:/opt/ros/jazzy/opt/gz_math_vendor:/opt/ros/jazzy/opt/gz_utils_vendor:/opt/ros/jazzy/opt/gz_tools_vendor:/opt/ros/jazzy/opt/gz_cmake_vendor:/opt/ros/jazzy DEBUGINFOD_URLS=https://debuginfod.ubuntu.com /usr/bin/cmake --install /home/jon/swap_ws/build/ur_calibration
