-- Install configuration: ""
-- Up-to-date: /home/jon/swap_ws/install/ur3e_2fg7_description/share/ur3e_2fg7_description//urdf
-- Up-to-date: /home/jon/swap_ws/install/ur3e_2fg7_description/share/ur3e_2fg7_description//urdf/ur3e_2fg7.urdf
-- Up-to-date: /home/jon/swap_ws/install/ur3e_2fg7_description/share/ur3e_2fg7_description//meshes
-- Up-to-date: /home/jon/swap_ws/install/ur3e_2fg7_description/share/ur3e_2fg7_description//launch
-- Up-to-date: /home/jon/swap_ws/install/ur3e_2fg7_description/share/ur3e_2fg7_description//launch/display.launch.py
-- Up-to-date: /home/jon/swap_ws/install/ur3e_2fg7_description/share/ur3e_2fg7_description//rviz
-- Up-to-date: /home/jon/swap_ws/install/ur3e_2fg7_description/share/ur3e_2fg7_description//rviz/ur3e_2fg7.rviz
-- Up-to-date: /home/jon/swap_ws/install/ur3e_2fg7_description/share/ament_index/resource_index/package_run_dependencies/ur3e_2fg7_description
-- Up-to-date: /home/jon/swap_ws/install/ur3e_2fg7_description/share/ament_index/resource_index/parent_prefix_path/ur3e_2fg7_description
-- Up-to-date: /home/jon/swap_ws/install/ur3e_2fg7_description/share/ur3e_2fg7_description/environment/ament_prefix_path.sh
-- Up-to-date: /home/jon/swap_ws/install/ur3e_2fg7_description/share/ur3e_2fg7_description/environment/ament_prefix_path.dsv
-- Up-to-date: /home/jon/swap_ws/install/ur3e_2fg7_description/share/ur3e_2fg7_description/environment/path.sh
-- Up-to-date: /home/jon/swap_ws/install/ur3e_2fg7_description/share/ur3e_2fg7_description/environment/path.dsv
-- Up-to-date: /home/jon/swap_ws/install/ur3e_2fg7_description/share/ur3e_2fg7_description/local_setup.bash
-- Up-to-date: /home/jon/swap_ws/install/ur3e_2fg7_description/share/ur3e_2fg7_description/local_setup.sh
-- Up-to-date: /home/jon/swap_ws/install/ur3e_2fg7_description/share/ur3e_2fg7_description/local_setup.zsh
-- Up-to-date: /home/jon/swap_ws/install/ur3e_2fg7_description/share/ur3e_2fg7_description/local_setup.dsv
-- Up-to-date: /home/jon/swap_ws/install/ur3e_2fg7_description/share/ur3e_2fg7_description/package.dsv
-- Up-to-date: /home/jon/swap_ws/install/ur3e_2fg7_description/share/ament_index/resource_index/packages/ur3e_2fg7_description
-- Up-to-date: /home/jon/swap_ws/install/ur3e_2fg7_description/share/ur3e_2fg7_description/cmake/ur3e_2fg7_descriptionConfig.cmake
-- Up-to-date: /home/jon/swap_ws/install/ur3e_2fg7_description/share/ur3e_2fg7_description/cmake/ur3e_2fg7_descriptionConfig-version.cmake
-- Up-to-date: /home/jon/swap_ws/install/ur3e_2fg7_description/share/ur3e_2fg7_description/package.xml
