-- The C compiler identification is GNU 13.3.0
-- The CXX compiler identification is GNU 13.3.0
-- Detecting C compiler ABI info
-- Detecting C compiler ABI info - done
-- Check for working C compiler: /usr/bin/cc - skipped
-- Detecting C compile features
-- Detecting C compile features - done
-- Detecting CXX compiler ABI info
-- Detecting CXX compiler ABI info - done
-- Check for working CXX compiler: /usr/bin/c++ - skipped
-- Detecting CXX compile features
-- Detecting CXX compile features - done
-- Found ament_cmake: 2.5.3 (/opt/ros/jazzy/share/ament_cmake/cmake)
-- Found Python3: /usr/bin/python3 (found version "3.12.3") found components: Interpreter 
-- Found ament_lint_auto: 0.17.2 (/opt/ros/jazzy/share/ament_lint_auto/cmake)
-- Added test 'lint_cmake' to check CMake code style
-- Added test 'xmllint' to check XML markup files
-- Configuring done (1.4s)
-- Generating done (0.0s)
-- Build files have been written to: /home/jon/swap_ws/build/ur_robotiq
-- Install configuration: ""
-- Installing: /home/jon/swap_ws/install/ur_robotiq/share/ament_index/resource_index/package_run_dependencies/ur_robotiq
-- Installing: /home/jon/swap_ws/install/ur_robotiq/share/ament_index/resource_index/parent_prefix_path/ur_robotiq
-- Installing: /home/jon/swap_ws/install/ur_robotiq/share/ur_robotiq/environment/ament_prefix_path.sh
-- Installing: /home/jon/swap_ws/install/ur_robotiq/share/ur_robotiq/environment/ament_prefix_path.dsv
-- Installing: /home/jon/swap_ws/install/ur_robotiq/share/ur_robotiq/environment/path.sh
-- Installing: /home/jon/swap_ws/install/ur_robotiq/share/ur_robotiq/environment/path.dsv
-- Installing: /home/jon/swap_ws/install/ur_robotiq/share/ur_robotiq/local_setup.bash
-- Installing: /home/jon/swap_ws/install/ur_robotiq/share/ur_robotiq/local_setup.sh
-- Installing: /home/jon/swap_ws/install/ur_robotiq/share/ur_robotiq/local_setup.zsh
-- Installing: /home/jon/swap_ws/install/ur_robotiq/share/ur_robotiq/local_setup.dsv
-- Installing: /home/jon/swap_ws/install/ur_robotiq/share/ur_robotiq/package.dsv
-- Installing: /home/jon/swap_ws/install/ur_robotiq/share/ament_index/resource_index/packages/ur_robotiq
-- Installing: /home/jon/swap_ws/install/ur_robotiq/share/ur_robotiq/cmake/ur_robotiqConfig.cmake
-- Installing: /home/jon/swap_ws/install/ur_robotiq/share/ur_robotiq/cmake/ur_robotiqConfig-version.cmake
-- Installing: /home/jon/swap_ws/install/ur_robotiq/share/ur_robotiq/package.xml
