-- Install configuration: ""
-- Up-to-date: /home/jon/swap_ws/install/ur_robotiq_description/share/ur_robotiq_description/urdf
-- Up-to-date: /home/jon/swap_ws/install/ur_robotiq_description/share/ur_robotiq_description/urdf/onrobot_2fg7_upload_urdf.xacro
-- Up-to-date: /home/jon/swap_ws/install/ur_robotiq_description/share/ur_robotiq_description/urdf/robotiq_2f_85_urdf.xacro
-- Installing: /home/jon/swap_ws/install/ur_robotiq_description/share/ur_robotiq_description/urdf/onrobot_2fg7_urdf.xacro
-- Up-to-date: /home/jon/swap_ws/install/ur_robotiq_description/share/ur_robotiq_description/urdf/ur3e_urdf.xacro
-- Up-to-date: /home/jon/swap_ws/install/ur_robotiq_description/share/ur_robotiq_description/urdf/ur3e_robotiq_2f_85_urdf.xacro
-- Up-to-date: /home/jon/swap_ws/install/ur_robotiq_description/share/ur_robotiq_description/meshes
-- Up-to-date: /home/jon/swap_ws/install/ur_robotiq_description/share/ur_robotiq_description/meshes/right_finger_link.stl
-- Up-to-date: /home/jon/swap_ws/install/ur_robotiq_description/share/ur_robotiq_description/meshes/base_link.stl
-- Up-to-date: /home/jon/swap_ws/install/ur_robotiq_description/share/ur_robotiq_description/meshes/inwards
-- Up-to-date: /home/jon/swap_ws/install/ur_robotiq_description/share/ur_robotiq_description/meshes/inwards/right_finger_link.stl
-- Up-to-date: /home/jon/swap_ws/install/ur_robotiq_description/share/ur_robotiq_description/meshes/inwards/left_finger_link.stl
-- Up-to-date: /home/jon/swap_ws/install/ur_robotiq_description/share/ur_robotiq_description/meshes/left_finger_link.stl
-- Up-to-date: /home/jon/swap_ws/install/ur_robotiq_description/share/ament_index/resource_index/package_run_dependencies/ur_robotiq_description
-- Up-to-date: /home/jon/swap_ws/install/ur_robotiq_description/share/ament_index/resource_index/parent_prefix_path/ur_robotiq_description
-- Up-to-date: /home/jon/swap_ws/install/ur_robotiq_description/share/ur_robotiq_description/environment/ament_prefix_path.sh
-- Up-to-date: /home/jon/swap_ws/install/ur_robotiq_description/share/ur_robotiq_description/environment/ament_prefix_path.dsv
-- Up-to-date: /home/jon/swap_ws/install/ur_robotiq_description/share/ur_robotiq_description/environment/path.sh
-- Up-to-date: /home/jon/swap_ws/install/ur_robotiq_description/share/ur_robotiq_description/environment/path.dsv
-- Up-to-date: /home/jon/swap_ws/install/ur_robotiq_description/share/ur_robotiq_description/local_setup.bash
-- Up-to-date: /home/jon/swap_ws/install/ur_robotiq_description/share/ur_robotiq_description/local_setup.sh
-- Up-to-date: /home/jon/swap_ws/install/ur_robotiq_description/share/ur_robotiq_description/local_setup.zsh
-- Up-to-date: /home/jon/swap_ws/install/ur_robotiq_description/share/ur_robotiq_description/local_setup.dsv
-- Installing: /home/jon/swap_ws/install/ur_robotiq_description/share/ur_robotiq_description/package.dsv
-- Up-to-date: /home/jon/swap_ws/install/ur_robotiq_description/share/ament_index/resource_index/packages/ur_robotiq_description
-- Up-to-date: /home/jon/swap_ws/install/ur_robotiq_description/share/ur_robotiq_description/cmake/ur_robotiq_descriptionConfig.cmake
-- Up-to-date: /home/jon/swap_ws/install/ur_robotiq_description/share/ur_robotiq_description/cmake/ur_robotiq_descriptionConfig-version.cmake
-- Up-to-date: /home/jon/swap_ws/install/ur_robotiq_description/share/ur_robotiq_description/package.xml
