[0.028s] Invoking command in '/home/jon/swap_ws/build/ur_robotiq_description': CMAKE_PREFIX_PATH=${CMAKE_PREFIX_PATH}:/opt/ros/jazzy DEBUGINFOD_URLS=https://debuginfod.ubuntu.com /usr/bin/cmake --build /home/jon/swap_ws/build/ur_robotiq_description -- -j4 -l4
[0.155s] Invoked command in '/home/jon/swap_ws/build/ur_robotiq_description' returned '0': CMAKE_PREFIX_PATH=${CMAKE_PREFIX_PATH}:/opt/ros/jazzy DEBUGINFOD_URLS=https://debuginfod.ubuntu.com /usr/bin/cmake --build /home/jon/swap_ws/build/ur_robotiq_description -- -j4 -l4
[0.157s] Invoking command in '/home/jon/swap_ws/build/ur_robotiq_description': CMAKE_PREFIX_PATH=${CMAKE_PREFIX_PATH}:/opt/ros/jazzy DEBUGINFOD_URLS=https://debuginfod.ubuntu.com /usr/bin/cmake --install /home/jon/swap_ws/build/ur_robotiq_description
[0.168s] -- Install configuration: ""
[0.169s] -- Up-to-date: /home/jon/swap_ws/install/ur_robotiq_description/share/ur_robotiq_description/urdf
[0.170s] -- Installing: /home/jon/swap_ws/install/ur_robotiq_description/share/ur_robotiq_description/urdf/onrobot_2fg7_upload_urdf.xacro
[0.171s] -- Up-to-date: /home/jon/swap_ws/install/ur_robotiq_description/share/ur_robotiq_description/urdf/robotiq_2f_85_urdf.xacro
[0.171s] -- Up-to-date: /home/jon/swap_ws/install/ur_robotiq_description/share/ur_robotiq_description/urdf/ur3e_urdf.xacro
[0.171s] -- Up-to-date: /home/jon/swap_ws/install/ur_robotiq_description/share/ur_robotiq_description/urdf/ur3e_robotiq_2f_85_urdf.xacro
[0.171s] -- Up-to-date: /home/jon/swap_ws/install/ur_robotiq_description/share/ament_index/resource_index/package_run_dependencies/ur_robotiq_description
[0.171s] -- Up-to-date: /home/jon/swap_ws/install/ur_robotiq_description/share/ament_index/resource_index/parent_prefix_path/ur_robotiq_description
[0.171s] -- Up-to-date: /home/jon/swap_ws/install/ur_robotiq_description/share/ur_robotiq_description/environment/ament_prefix_path.sh
[0.171s] -- Up-to-date: /home/jon/swap_ws/install/ur_robotiq_description/share/ur_robotiq_description/environment/ament_prefix_path.dsv
[0.171s] -- Up-to-date: /home/jon/swap_ws/install/ur_robotiq_description/share/ur_robotiq_description/environment/path.sh
[0.171s] -- Up-to-date: /home/jon/swap_ws/install/ur_robotiq_description/share/ur_robotiq_description/environment/path.dsv
[0.171s] -- Up-to-date: /home/jon/swap_ws/install/ur_robotiq_description/share/ur_robotiq_description/local_setup.bash
[0.171s] -- Up-to-date: /home/jon/swap_ws/install/ur_robotiq_description/share/ur_robotiq_description/local_setup.sh
[0.171s] -- Up-to-date: /home/jon/swap_ws/install/ur_robotiq_description/share/ur_robotiq_description/local_setup.zsh
[0.171s] -- Up-to-date: /home/jon/swap_ws/install/ur_robotiq_description/share/ur_robotiq_description/local_setup.dsv
[0.172s] -- Installing: /home/jon/swap_ws/install/ur_robotiq_description/share/ur_robotiq_description/package.dsv
[0.172s] -- Up-to-date: /home/jon/swap_ws/install/ur_robotiq_description/share/ament_index/resource_index/packages/ur_robotiq_description
[0.172s] -- Up-to-date: /home/jon/swap_ws/install/ur_robotiq_description/share/ur_robotiq_description/cmake/ur_robotiq_descriptionConfig.cmake
[0.172s] -- Up-to-date: /home/jon/swap_ws/install/ur_robotiq_description/share/ur_robotiq_description/cmake/ur_robotiq_descriptionConfig-version.cmake
[0.172s] -- Up-to-date: /home/jon/swap_ws/install/ur_robotiq_description/share/ur_robotiq_description/package.xml
[0.174s] Invoked command in '/home/jon/swap_ws/build/ur_robotiq_description' returned '0': CMAKE_PREFIX_PATH=${CMAKE_PREFIX_PATH}:/opt/ros/jazzy DEBUGINFOD_URLS=https://debuginfod.ubuntu.com /usr/bin/cmake --install /home/jon/swap_ws/build/ur_robotiq_description
