[0.028s] Invoking command in '/home/jon/swap_ws/build/ur': CMAKE_PREFIX_PATH=/home/jon/swap_ws/install/ur_calibration:/home/jon/swap_ws/install/ur_robot_driver:/home/jon/swap_ws/install/ur_controllers:/home/jon/swap_ws/install/ur_moveit_config:/home/jon/swap_ws/install/ur_dashboard_msgs:/home/jon/swap_ws/install/ur_robotiq:/home/jon/swap_ws/install/ur_robotiq_description:/home/jon/swap_ws/install/ur:/home/jon/swap_ws/install/ur3e_2fg7_description:/opt/ros/jazzy/opt/sdformat_vendor:/opt/ros/jazzy/opt/gz_math_vendor:/opt/ros/jazzy/opt/gz_utils_vendor:/opt/ros/jazzy/opt/gz_tools_vendor:/opt/ros/jazzy/opt/gz_cmake_vendor:/opt/ros/jazzy DEBUGINFOD_URLS=https://debuginfod.ubuntu.com /usr/bin/cmake /home/jon/swap_ws/src/Universal_Robots_ROS2_Driver/ur -DCMAKE_INSTALL_PREFIX=/home/jon/swap_ws/install/ur
[0.089s] -- The C compiler identification is GNU 13.3.0
[0.146s] -- The CXX compiler identification is GNU 13.3.0
[0.164s] -- Detecting C compiler ABI info
[0.258s] -- Detecting C compiler ABI info - done
[0.265s] -- Check for working C compiler: /usr/bin/cc - skipped
[0.265s] -- Detecting C compile features
[0.265s] -- Detecting C compile features - done
[0.274s] -- Detecting CXX compiler ABI info
[0.390s] -- Detecting CXX compiler ABI info - done
[0.397s] -- Check for working CXX compiler: /usr/bin/c++ - skipped
[0.397s] -- Detecting CXX compile features
[0.397s] -- Detecting CXX compile features - done
[0.401s] -- Found ament_cmake: 2.5.3 (/opt/ros/jazzy/share/ament_cmake/cmake)
[0.546s] -- Found Python3: /usr/bin/python3 (found version "3.12.3") found components: Interpreter 
[0.650s] -- Found ament_lint_auto: 0.17.2 (/opt/ros/jazzy/share/ament_lint_auto/cmake)
[0.772s] -- Added test 'lint_cmake' to check CMake code style
[0.773s] -- Added test 'xmllint' to check XML markup files
[0.776s] -- Configuring done (0.7s)
[0.777s] -- Generating done (0.0s)
[0.778s] -- Build files have been written to: /home/jon/swap_ws/build/ur
[0.784s] Invoked command in '/home/jon/swap_ws/build/ur' returned '0': CMAKE_PREFIX_PATH=/home/jon/swap_ws/install/ur_calibration:/home/jon/swap_ws/install/ur_robot_driver:/home/jon/swap_ws/install/ur_controllers:/home/jon/swap_ws/install/ur_moveit_config:/home/jon/swap_ws/install/ur_dashboard_msgs:/home/jon/swap_ws/install/ur_robotiq:/home/jon/swap_ws/install/ur_robotiq_description:/home/jon/swap_ws/install/ur:/home/jon/swap_ws/install/ur3e_2fg7_description:/opt/ros/jazzy/opt/sdformat_vendor:/opt/ros/jazzy/opt/gz_math_vendor:/opt/ros/jazzy/opt/gz_utils_vendor:/opt/ros/jazzy/opt/gz_tools_vendor:/opt/ros/jazzy/opt/gz_cmake_vendor:/opt/ros/jazzy DEBUGINFOD_URLS=https://debuginfod.ubuntu.com /usr/bin/cmake /home/jon/swap_ws/src/Universal_Robots_ROS2_Driver/ur -DCMAKE_INSTALL_PREFIX=/home/jon/swap_ws/install/ur
[0.786s] Invoking command in '/home/jon/swap_ws/build/ur': CMAKE_PREFIX_PATH=/home/jon/swap_ws/install/ur_calibration:/home/jon/swap_ws/install/ur_robot_driver:/home/jon/swap_ws/install/ur_controllers:/home/jon/swap_ws/install/ur_moveit_config:/home/jon/swap_ws/install/ur_dashboard_msgs:/home/jon/swap_ws/install/ur_robotiq:/home/jon/swap_ws/install/ur_robotiq_description:/home/jon/swap_ws/install/ur:/home/jon/swap_ws/install/ur3e_2fg7_description:/opt/ros/jazzy/opt/sdformat_vendor:/opt/ros/jazzy/opt/gz_math_vendor:/opt/ros/jazzy/opt/gz_utils_vendor:/opt/ros/jazzy/opt/gz_tools_vendor:/opt/ros/jazzy/opt/gz_cmake_vendor:/opt/ros/jazzy DEBUGINFOD_URLS=https://debuginfod.ubuntu.com /usr/bin/cmake --build /home/jon/swap_ws/build/ur -- -j4 -l4
[0.825s] Invoked command in '/home/jon/swap_ws/build/ur' returned '0': CMAKE_PREFIX_PATH=/home/jon/swap_ws/install/ur_calibration:/home/jon/swap_ws/install/ur_robot_driver:/home/jon/swap_ws/install/ur_controllers:/home/jon/swap_ws/install/ur_moveit_config:/home/jon/swap_ws/install/ur_dashboard_msgs:/home/jon/swap_ws/install/ur_robotiq:/home/jon/swap_ws/install/ur_robotiq_description:/home/jon/swap_ws/install/ur:/home/jon/swap_ws/install/ur3e_2fg7_description:/opt/ros/jazzy/opt/sdformat_vendor:/opt/ros/jazzy/opt/gz_math_vendor:/opt/ros/jazzy/opt/gz_utils_vendor:/opt/ros/jazzy/opt/gz_tools_vendor:/opt/ros/jazzy/opt/gz_cmake_vendor:/opt/ros/jazzy DEBUGINFOD_URLS=https://debuginfod.ubuntu.com /usr/bin/cmake --build /home/jon/swap_ws/build/ur -- -j4 -l4
[0.827s] Invoking command in '/home/jon/swap_ws/build/ur': CMAKE_PREFIX_PATH=/home/jon/swap_ws/install/ur_calibration:/home/jon/swap_ws/install/ur_robot_driver:/home/jon/swap_ws/install/ur_controllers:/home/jon/swap_ws/install/ur_moveit_config:/home/jon/swap_ws/install/ur_dashboard_msgs:/home/jon/swap_ws/install/ur_robotiq:/home/jon/swap_ws/install/ur_robotiq_description:/home/jon/swap_ws/install/ur:/home/jon/swap_ws/install/ur3e_2fg7_description:/opt/ros/jazzy/opt/sdformat_vendor:/opt/ros/jazzy/opt/gz_math_vendor:/opt/ros/jazzy/opt/gz_utils_vendor:/opt/ros/jazzy/opt/gz_tools_vendor:/opt/ros/jazzy/opt/gz_cmake_vendor:/opt/ros/jazzy DEBUGINFOD_URLS=https://debuginfod.ubuntu.com /usr/bin/cmake --install /home/jon/swap_ws/build/ur
[0.837s] -- Install configuration: ""
[0.837s] -- Installing: /home/jon/swap_ws/install/ur/share/ament_index/resource_index/package_run_dependencies/ur
[0.837s] -- Installing: /home/jon/swap_ws/install/ur/share/ament_index/resource_index/parent_prefix_path/ur
[0.837s] -- Installing: /home/jon/swap_ws/install/ur/share/ur/environment/ament_prefix_path.sh
[0.838s] -- Installing: /home/jon/swap_ws/install/ur/share/ur/environment/ament_prefix_path.dsv
[0.838s] -- Installing: /home/jon/swap_ws/install/ur/share/ur/environment/path.sh
[0.838s] -- Installing: /home/jon/swap_ws/install/ur/share/ur/environment/path.dsv
[0.838s] -- Installing: /home/jon/swap_ws/install/ur/share/ur/local_setup.bash
[0.838s] -- Installing: /home/jon/swap_ws/install/ur/share/ur/local_setup.sh
[0.838s] -- Installing: /home/jon/swap_ws/install/ur/share/ur/local_setup.zsh
[0.838s] -- Installing: /home/jon/swap_ws/install/ur/share/ur/local_setup.dsv
[0.838s] -- Installing: /home/jon/swap_ws/install/ur/share/ur/package.dsv
[0.838s] -- Installing: /home/jon/swap_ws/install/ur/share/ament_index/resource_index/packages/ur
[0.839s] -- Installing: /home/jon/swap_ws/install/ur/share/ur/cmake/urConfig.cmake
[0.839s] -- Installing: /home/jon/swap_ws/install/ur/share/ur/cmake/urConfig-version.cmake
[0.839s] -- Installing: /home/jon/swap_ws/install/ur/share/ur/package.xml
[0.842s] Invoked command in '/home/jon/swap_ws/build/ur' returned '0': CMAKE_PREFIX_PATH=/home/jon/swap_ws/install/ur_calibration:/home/jon/swap_ws/install/ur_robot_driver:/home/jon/swap_ws/install/ur_controllers:/home/jon/swap_ws/install/ur_moveit_config:/home/jon/swap_ws/install/ur_dashboard_msgs:/home/jon/swap_ws/install/ur_robotiq:/home/jon/swap_ws/install/ur_robotiq_description:/home/jon/swap_ws/install/ur:/home/jon/swap_ws/install/ur3e_2fg7_description:/opt/ros/jazzy/opt/sdformat_vendor:/opt/ros/jazzy/opt/gz_math_vendor:/opt/ros/jazzy/opt/gz_utils_vendor:/opt/ros/jazzy/opt/gz_tools_vendor:/opt/ros/jazzy/opt/gz_cmake_vendor:/opt/ros/jazzy DEBUGINFOD_URLS=https://debuginfod.ubuntu.com /usr/bin/cmake --install /home/jon/swap_ws/build/ur
