[0.030s] Invoking command in '/home/jon/swap_ws/build/ur3e_2fg7_description': CMAKE_PREFIX_PATH=${CMAKE_PREFIX_PATH}:/opt/ros/jazzy DEBUGINFOD_URLS=https://debuginfod.ubuntu.com /usr/bin/cmake --build /home/jon/swap_ws/build/ur3e_2fg7_description -- -j4 -l4
[0.084s] Invoked command in '/home/jon/swap_ws/build/ur3e_2fg7_description' returned '0': CMAKE_PREFIX_PATH=${CMAKE_PREFIX_PATH}:/opt/ros/jazzy DEBUGINFOD_URLS=https://debuginfod.ubuntu.com /usr/bin/cmake --build /home/jon/swap_ws/build/ur3e_2fg7_description -- -j4 -l4
[0.084s] Invoking command in '/home/jon/swap_ws/build/ur3e_2fg7_description': CMAKE_PREFIX_PATH=${CMAKE_PREFIX_PATH}:/opt/ros/jazzy DEBUGINFOD_URLS=https://debuginfod.ubuntu.com /usr/bin/cmake --install /home/jon/swap_ws/build/ur3e_2fg7_description
[0.097s] -- Install configuration: ""
[0.098s] -- Up-to-date: /home/jon/swap_ws/install/ur3e_2fg7_description/share/ur3e_2fg7_description//urdf
[0.098s] -- Up-to-date: /home/jon/swap_ws/install/ur3e_2fg7_description/share/ur3e_2fg7_description//urdf/ur3e_2fg7.urdf
[0.098s] -- Up-to-date: /home/jon/swap_ws/install/ur3e_2fg7_description/share/ur3e_2fg7_description//meshes
[0.100s] -- Up-to-date: /home/jon/swap_ws/install/ur3e_2fg7_description/share/ur3e_2fg7_description//launch
[0.100s] -- Up-to-date: /home/jon/swap_ws/install/ur3e_2fg7_description/share/ur3e_2fg7_description//launch/display.launch.py
[0.100s] -- Up-to-date: /home/jon/swap_ws/install/ur3e_2fg7_description/share/ur3e_2fg7_description//rviz
[0.102s] -- Up-to-date: /home/jon/swap_ws/install/ur3e_2fg7_description/share/ur3e_2fg7_description//rviz/ur3e_2fg7.rviz
[0.102s] -- Up-to-date: /home/jon/swap_ws/install/ur3e_2fg7_description/share/ament_index/resource_index/package_run_dependencies/ur3e_2fg7_description
[0.102s] -- Up-to-date: /home/jon/swap_ws/install/ur3e_2fg7_description/share/ament_index/resource_index/parent_prefix_path/ur3e_2fg7_description
[0.102s] -- Up-to-date: /home/jon/swap_ws/install/ur3e_2fg7_description/share/ur3e_2fg7_description/environment/ament_prefix_path.sh
[0.102s] -- Up-to-date: /home/jon/swap_ws/install/ur3e_2fg7_description/share/ur3e_2fg7_description/environment/ament_prefix_path.dsv
[0.102s] -- Up-to-date: /home/jon/swap_ws/install/ur3e_2fg7_description/share/ur3e_2fg7_description/environment/path.sh
[0.102s] -- Up-to-date: /home/jon/swap_ws/install/ur3e_2fg7_description/share/ur3e_2fg7_description/environment/path.dsv
[0.102s] -- Up-to-date: /home/jon/swap_ws/install/ur3e_2fg7_description/share/ur3e_2fg7_description/local_setup.bash
[0.102s] -- Up-to-date: /home/jon/swap_ws/install/ur3e_2fg7_description/share/ur3e_2fg7_description/local_setup.sh
[0.102s] -- Up-to-date: /home/jon/swap_ws/install/ur3e_2fg7_description/share/ur3e_2fg7_description/local_setup.zsh
[0.103s] -- Up-to-date: /home/jon/swap_ws/install/ur3e_2fg7_description/share/ur3e_2fg7_description/local_setup.dsv
[0.103s] -- Installing: /home/jon/swap_ws/install/ur3e_2fg7_description/share/ur3e_2fg7_description/package.dsv
[0.103s] -- Up-to-date: /home/jon/swap_ws/install/ur3e_2fg7_description/share/ament_index/resource_index/packages/ur3e_2fg7_description
[0.103s] -- Up-to-date: /home/jon/swap_ws/install/ur3e_2fg7_description/share/ur3e_2fg7_description/cmake/ur3e_2fg7_descriptionConfig.cmake
[0.106s] -- Up-to-date: /home/jon/swap_ws/install/ur3e_2fg7_description/share/ur3e_2fg7_description/cmake/ur3e_2fg7_descriptionConfig-version.cmake
[0.106s] -- Up-to-date: /home/jon/swap_ws/install/ur3e_2fg7_description/share/ur3e_2fg7_description/package.xml
[0.132s] Invoked command in '/home/jon/swap_ws/build/ur3e_2fg7_description' returned '0': CMAKE_PREFIX_PATH=${CMAKE_PREFIX_PATH}:/opt/ros/jazzy DEBUGINFOD_URLS=https://debuginfod.ubuntu.com /usr/bin/cmake --install /home/jon/swap_ws/build/ur3e_2fg7_description
