[0.020s] Invoking command in '/home/jon/swap_ws/build/ur_robotiq_description': CMAKE_PREFIX_PATH=${CMAKE_PREFIX_PATH}:/opt/ros/jazzy DEBUGINFOD_URLS=https://debuginfod.ubuntu.com /usr/bin/cmake /home/jon/swap_ws/src/ur_robotiq/ur_robotiq_description -DCMAKE_INSTALL_PREFIX=/home/jon/swap_ws/install/ur_robotiq_description
[0.236s] -- The C compiler identification is GNU 13.3.0
[0.405s] -- The CXX compiler identification is GNU 13.3.0
[0.437s] -- Detecting C compiler ABI info
[0.567s] -- Detecting C compiler ABI info - done
[0.575s] -- Check for working C compiler: /usr/bin/cc - skipped
[0.577s] -- Detecting C compile features
[0.579s] -- Detecting C compile features - done
[0.596s] -- Detecting CXX compiler ABI info
[0.759s] -- Detecting CXX compiler ABI info - done
[0.768s] -- Check for working CXX compiler: /usr/bin/c++ - skipped
[0.769s] -- Detecting CXX compile features
[0.769s] -- Detecting CXX compile features - done
[0.786s] -- Found ament_cmake: 2.5.3 (/opt/ros/jazzy/share/ament_cmake/cmake)
[0.982s] -- Found Python3: /usr/bin/python3 (found version "3.12.3") found components: Interpreter 
[1.179s] -- Found robotiq_description: 0.0.1 (/opt/ros/jazzy/share/robotiq_description/cmake)
[1.182s] -- Found ur_description: 3.1.0 (/opt/ros/jazzy/share/ur_description/cmake)
[1.186s] -- Found ament_lint_auto: 0.17.2 (/opt/ros/jazzy/share/ament_lint_auto/cmake)
[1.571s] -- Added test 'lint_cmake' to check CMake code style
[1.575s] -- Added test 'xmllint' to check XML markup files
[1.578s] -- Configuring done (1.5s)
[1.591s] -- Generating done (0.0s)
[1.608s] -- Build files have been written to: /home/jon/swap_ws/build/ur_robotiq_description
[1.693s] Invoked command in '/home/jon/swap_ws/build/ur_robotiq_description' returned '0': CMAKE_PREFIX_PATH=${CMAKE_PREFIX_PATH}:/opt/ros/jazzy DEBUGINFOD_URLS=https://debuginfod.ubuntu.com /usr/bin/cmake /home/jon/swap_ws/src/ur_robotiq/ur_robotiq_description -DCMAKE_INSTALL_PREFIX=/home/jon/swap_ws/install/ur_robotiq_description
[1.693s] Invoking command in '/home/jon/swap_ws/build/ur_robotiq_description': CMAKE_PREFIX_PATH=${CMAKE_PREFIX_PATH}:/opt/ros/jazzy DEBUGINFOD_URLS=https://debuginfod.ubuntu.com /usr/bin/cmake --build /home/jon/swap_ws/build/ur_robotiq_description -- -j4 -l4
[1.836s] Invoked command in '/home/jon/swap_ws/build/ur_robotiq_description' returned '0': CMAKE_PREFIX_PATH=${CMAKE_PREFIX_PATH}:/opt/ros/jazzy DEBUGINFOD_URLS=https://debuginfod.ubuntu.com /usr/bin/cmake --build /home/jon/swap_ws/build/ur_robotiq_description -- -j4 -l4
[1.837s] Invoking command in '/home/jon/swap_ws/build/ur_robotiq_description': CMAKE_PREFIX_PATH=${CMAKE_PREFIX_PATH}:/opt/ros/jazzy DEBUGINFOD_URLS=https://debuginfod.ubuntu.com /usr/bin/cmake --install /home/jon/swap_ws/build/ur_robotiq_description
[1.869s] -- Install configuration: ""
[1.869s] -- Installing: /home/jon/swap_ws/install/ur_robotiq_description/share/ur_robotiq_description/urdf
[1.877s] -- Installing: /home/jon/swap_ws/install/ur_robotiq_description/share/ur_robotiq_description/urdf/robotiq_2f_85_urdf.xacro
[1.878s] -- Installing: /home/jon/swap_ws/install/ur_robotiq_description/share/ur_robotiq_description/urdf/ur3e_urdf.xacro
[1.878s] -- Installing: /home/jon/swap_ws/install/ur_robotiq_description/share/ur_robotiq_description/urdf/ur3e_robotiq_2f_85_urdf.xacro
[1.878s] -- Installing: /home/jon/swap_ws/install/ur_robotiq_description/share/ament_index/resource_index/package_run_dependencies/ur_robotiq_description
[1.879s] -- Installing: /home/jon/swap_ws/install/ur_robotiq_description/share/ament_index/resource_index/parent_prefix_path/ur_robotiq_description
[1.879s] -- Installing: /home/jon/swap_ws/install/ur_robotiq_description/share/ur_robotiq_description/environment/ament_prefix_path.sh
[1.882s] -- Installing: /home/jon/swap_ws/install/ur_robotiq_description/share/ur_robotiq_description/environment/ament_prefix_path.dsv
[1.882s] -- Installing: /home/jon/swap_ws/install/ur_robotiq_description/share/ur_robotiq_description/environment/path.sh
[1.885s] -- Installing: /home/jon/swap_ws/install/ur_robotiq_description/share/ur_robotiq_description/environment/path.dsv
[1.887s] -- Installing: /home/jon/swap_ws/install/ur_robotiq_description/share/ur_robotiq_description/local_setup.bash
[1.887s] -- Installing: /home/jon/swap_ws/install/ur_robotiq_description/share/ur_robotiq_description/local_setup.sh
[1.889s] -- Installing: /home/jon/swap_ws/install/ur_robotiq_description/share/ur_robotiq_description/local_setup.zsh
[1.891s] -- Installing: /home/jon/swap_ws/install/ur_robotiq_description/share/ur_robotiq_description/local_setup.dsv
[1.891s] -- Installing: /home/jon/swap_ws/install/ur_robotiq_description/share/ur_robotiq_description/package.dsv
[1.891s] -- Installing: /home/jon/swap_ws/install/ur_robotiq_description/share/ament_index/resource_index/packages/ur_robotiq_description
[1.894s] -- Installing: /home/jon/swap_ws/install/ur_robotiq_description/share/ur_robotiq_description/cmake/ur_robotiq_descriptionConfig.cmake
[1.894s] -- Installing: /home/jon/swap_ws/install/ur_robotiq_description/share/ur_robotiq_description/cmake/ur_robotiq_descriptionConfig-version.cmake
[1.894s] -- Installing: /home/jon/swap_ws/install/ur_robotiq_description/share/ur_robotiq_description/package.xml
[1.898s] Invoked command in '/home/jon/swap_ws/build/ur_robotiq_description' returned '0': CMAKE_PREFIX_PATH=${CMAKE_PREFIX_PATH}:/opt/ros/jazzy DEBUGINFOD_URLS=https://debuginfod.ubuntu.com /usr/bin/cmake --install /home/jon/swap_ws/build/ur_robotiq_description
