[0.014s] Invoking command in '/home/jon/swap_ws/build/ur_controllers': CMAKE_PREFIX_PATH=/home/jon/swap_ws/install/ur_dashboard_msgs:/home/jon/swap_ws/install/ur_robotiq:/home/jon/swap_ws/install/ur_robotiq_description:/home/jon/swap_ws/install/ur:/home/jon/swap_ws/install/ur_calibration:/home/jon/swap_ws/install/ur_robot_driver:/home/jon/swap_ws/install/ur_moveit_config:/home/jon/swap_ws/install/ur_controllers:/home/jon/swap_ws/install/ur3e_2fg7_description:/opt/ros/jazzy/opt/sdformat_vendor:/opt/ros/jazzy/opt/gz_math_vendor:/opt/ros/jazzy/opt/gz_utils_vendor:/opt/ros/jazzy/opt/gz_tools_vendor:/opt/ros/jazzy/opt/gz_cmake_vendor:/opt/ros/jazzy DEBUGINFOD_URLS=https://debuginfod.ubuntu.com LD_LIBRARY_PATH=/home/jon/swap_ws/install/ur_dashboard_msgs/lib:/home/jon/swap_ws/install/ur_robot_driver/lib:/home/jon/swap_ws/install/ur_controllers/lib:/opt/ros/jazzy/opt/sdformat_vendor/lib:/opt/ros/jazzy/opt/rviz_ogre_vendor/lib:/opt/ros/jazzy/lib/x86_64-linux-gnu:/opt/ros/jazzy/opt/gz_math_vendor/lib:/opt/ros/jazzy/opt/gz_utils_vendor/lib:/opt/ros/jazzy/opt/gz_tools_vendor/lib:/opt/ros/jazzy/opt/gz_cmake_vendor/lib:/opt/ros/jazzy/lib PYTHONPATH=/home/jon/swap_ws/install/ur_dashboard_msgs/lib/python3.12/site-packages:/home/jon/swap_ws/install/ur_robot_driver/lib/python3.12/site-packages:/opt/ros/jazzy/lib/python3.12/site-packages /usr/bin/cmake --build /home/jon/swap_ws/build/ur_controllers -- -j4 -l4
[0.089s] [  5%] Built target force_mode_controller_parameters
[0.094s] [ 11%] Built target speed_scaling_state_broadcaster_parameters
[0.095s] [ 17%] Built target tool_contact_controller_parameters
[0.096s] [ 23%] Built target gpio_controller_parameters
[0.116s] [ 29%] Built target scaled_joint_trajectory_controller_parameters
[0.121s] [ 35%] Built target passthrough_trajectory_controller_parameters
[0.128s] [ 41%] Built target ur_configuration_controller_parameters
[0.134s] [ 47%] Built target freedrive_mode_controller_parameters
[0.145s] [ 52%] Built target gmock_main
[0.160s] [ 61%] Built target gmock
[0.181s] [ 88%] Built target ur_controllers
[0.212s] [100%] Built target test_load_force_mode_controller
[0.212s] [100%] Built target test_load_freedrive_mode_controller
[0.224s] Invoked command in '/home/jon/swap_ws/build/ur_controllers' returned '0': CMAKE_PREFIX_PATH=/home/jon/swap_ws/install/ur_dashboard_msgs:/home/jon/swap_ws/install/ur_robotiq:/home/jon/swap_ws/install/ur_robotiq_description:/home/jon/swap_ws/install/ur:/home/jon/swap_ws/install/ur_calibration:/home/jon/swap_ws/install/ur_robot_driver:/home/jon/swap_ws/install/ur_moveit_config:/home/jon/swap_ws/install/ur_controllers:/home/jon/swap_ws/install/ur3e_2fg7_description:/opt/ros/jazzy/opt/sdformat_vendor:/opt/ros/jazzy/opt/gz_math_vendor:/opt/ros/jazzy/opt/gz_utils_vendor:/opt/ros/jazzy/opt/gz_tools_vendor:/opt/ros/jazzy/opt/gz_cmake_vendor:/opt/ros/jazzy DEBUGINFOD_URLS=https://debuginfod.ubuntu.com LD_LIBRARY_PATH=/home/jon/swap_ws/install/ur_dashboard_msgs/lib:/home/jon/swap_ws/install/ur_robot_driver/lib:/home/jon/swap_ws/install/ur_controllers/lib:/opt/ros/jazzy/opt/sdformat_vendor/lib:/opt/ros/jazzy/opt/rviz_ogre_vendor/lib:/opt/ros/jazzy/lib/x86_64-linux-gnu:/opt/ros/jazzy/opt/gz_math_vendor/lib:/opt/ros/jazzy/opt/gz_utils_vendor/lib:/opt/ros/jazzy/opt/gz_tools_vendor/lib:/opt/ros/jazzy/opt/gz_cmake_vendor/lib:/opt/ros/jazzy/lib PYTHONPATH=/home/jon/swap_ws/install/ur_dashboard_msgs/lib/python3.12/site-packages:/home/jon/swap_ws/install/ur_robot_driver/lib/python3.12/site-packages:/opt/ros/jazzy/lib/python3.12/site-packages /usr/bin/cmake --build /home/jon/swap_ws/build/ur_controllers -- -j4 -l4
[0.226s] Invoking command in '/home/jon/swap_ws/build/ur_controllers': CMAKE_PREFIX_PATH=/home/jon/swap_ws/install/ur_dashboard_msgs:/home/jon/swap_ws/install/ur_robotiq:/home/jon/swap_ws/install/ur_robotiq_description:/home/jon/swap_ws/install/ur:/home/jon/swap_ws/install/ur_calibration:/home/jon/swap_ws/install/ur_robot_driver:/home/jon/swap_ws/install/ur_moveit_config:/home/jon/swap_ws/install/ur_controllers:/home/jon/swap_ws/install/ur3e_2fg7_description:/opt/ros/jazzy/opt/sdformat_vendor:/opt/ros/jazzy/opt/gz_math_vendor:/opt/ros/jazzy/opt/gz_utils_vendor:/opt/ros/jazzy/opt/gz_tools_vendor:/opt/ros/jazzy/opt/gz_cmake_vendor:/opt/ros/jazzy DEBUGINFOD_URLS=https://debuginfod.ubuntu.com LD_LIBRARY_PATH=/home/jon/swap_ws/install/ur_dashboard_msgs/lib:/home/jon/swap_ws/install/ur_robot_driver/lib:/home/jon/swap_ws/install/ur_controllers/lib:/opt/ros/jazzy/opt/sdformat_vendor/lib:/opt/ros/jazzy/opt/rviz_ogre_vendor/lib:/opt/ros/jazzy/lib/x86_64-linux-gnu:/opt/ros/jazzy/opt/gz_math_vendor/lib:/opt/ros/jazzy/opt/gz_utils_vendor/lib:/opt/ros/jazzy/opt/gz_tools_vendor/lib:/opt/ros/jazzy/opt/gz_cmake_vendor/lib:/opt/ros/jazzy/lib PYTHONPATH=/home/jon/swap_ws/install/ur_dashboard_msgs/lib/python3.12/site-packages:/home/jon/swap_ws/install/ur_robot_driver/lib/python3.12/site-packages:/opt/ros/jazzy/lib/python3.12/site-packages /usr/bin/cmake --install /home/jon/swap_ws/build/ur_controllers
[0.237s] -- Install configuration: ""
[0.237s] -- Up-to-date: /home/jon/swap_ws/install/ur_controllers/include/ur_controllers
[0.237s] -- Up-to-date: /home/jon/swap_ws/install/ur_controllers/include/ur_controllers/ur_configuration_controller_parameters.hpp
[0.238s] -- Up-to-date: /home/jon/swap_ws/install/ur_controllers/include/ur_controllers/tool_contact_controller_parameters.hpp
[0.238s] -- Up-to-date: /home/jon/swap_ws/install/ur_controllers/include/ur_controllers/force_mode_controller_parameters.hpp
[0.238s] -- Up-to-date: /home/jon/swap_ws/install/ur_controllers/include/ur_controllers/gpio_controller_parameters.hpp
[0.238s] -- Up-to-date: /home/jon/swap_ws/install/ur_controllers/include/ur_controllers/scaled_joint_trajectory_controller_parameters.hpp
[0.238s] -- Up-to-date: /home/jon/swap_ws/install/ur_controllers/include/ur_controllers/speed_scaling_state_broadcaster_parameters.hpp
[0.239s] -- Up-to-date: /home/jon/swap_ws/install/ur_controllers/include/ur_controllers/freedrive_mode_controller_parameters.hpp
[0.239s] -- Up-to-date: /home/jon/swap_ws/install/ur_controllers/include/ur_controllers/passthrough_trajectory_controller_parameters.hpp
[0.239s] -- Up-to-date: /home/jon/swap_ws/install/ur_controllers/include/ur_controllers
[0.239s] -- Up-to-date: /home/jon/swap_ws/install/ur_controllers/include/ur_controllers/ur_configuration_controller_parameters.hpp
[0.239s] -- Up-to-date: /home/jon/swap_ws/install/ur_controllers/include/ur_controllers/tool_contact_controller_parameters.hpp
[0.239s] -- Up-to-date: /home/jon/swap_ws/install/ur_controllers/include/ur_controllers/force_mode_controller_parameters.hpp
[0.239s] -- Up-to-date: /home/jon/swap_ws/install/ur_controllers/include/ur_controllers/gpio_controller_parameters.hpp
[0.239s] -- Up-to-date: /home/jon/swap_ws/install/ur_controllers/include/ur_controllers/scaled_joint_trajectory_controller_parameters.hpp
[0.240s] -- Up-to-date: /home/jon/swap_ws/install/ur_controllers/include/ur_controllers/speed_scaling_state_broadcaster_parameters.hpp
[0.240s] -- Up-to-date: /home/jon/swap_ws/install/ur_controllers/include/ur_controllers/freedrive_mode_controller_parameters.hpp
[0.240s] -- Up-to-date: /home/jon/swap_ws/install/ur_controllers/include/ur_controllers/passthrough_trajectory_controller_parameters.hpp
[0.240s] -- Up-to-date: /home/jon/swap_ws/install/ur_controllers/include/ur_controllers
[0.240s] -- Up-to-date: /home/jon/swap_ws/install/ur_controllers/include/ur_controllers/ur_configuration_controller_parameters.hpp
[0.240s] -- Up-to-date: /home/jon/swap_ws/install/ur_controllers/include/ur_controllers/tool_contact_controller_parameters.hpp
[0.240s] -- Up-to-date: /home/jon/swap_ws/install/ur_controllers/include/ur_controllers/force_mode_controller_parameters.hpp
[0.240s] -- Up-to-date: /home/jon/swap_ws/install/ur_controllers/include/ur_controllers/gpio_controller_parameters.hpp
[0.241s] -- Up-to-date: /home/jon/swap_ws/install/ur_controllers/include/ur_controllers/scaled_joint_trajectory_controller_parameters.hpp
[0.241s] -- Up-to-date: /home/jon/swap_ws/install/ur_controllers/include/ur_controllers/speed_scaling_state_broadcaster_parameters.hpp
[0.241s] -- Up-to-date: /home/jon/swap_ws/install/ur_controllers/include/ur_controllers/freedrive_mode_controller_parameters.hpp
[0.241s] -- Up-to-date: /home/jon/swap_ws/install/ur_controllers/include/ur_controllers/passthrough_trajectory_controller_parameters.hpp
[0.241s] -- Up-to-date: /home/jon/swap_ws/install/ur_controllers/include/ur_controllers
[0.241s] -- Up-to-date: /home/jon/swap_ws/install/ur_controllers/include/ur_controllers/ur_configuration_controller_parameters.hpp
[0.241s] -- Up-to-date: /home/jon/swap_ws/install/ur_controllers/include/ur_controllers/tool_contact_controller_parameters.hpp
[0.241s] -- Up-to-date: /home/jon/swap_ws/install/ur_controllers/include/ur_controllers/force_mode_controller_parameters.hpp
[0.241s] -- Up-to-date: /home/jon/swap_ws/install/ur_controllers/include/ur_controllers/gpio_controller_parameters.hpp
[0.241s] -- Up-to-date: /home/jon/swap_ws/install/ur_controllers/include/ur_controllers/scaled_joint_trajectory_controller_parameters.hpp
[0.242s] -- Up-to-date: /home/jon/swap_ws/install/ur_controllers/include/ur_controllers/speed_scaling_state_broadcaster_parameters.hpp
[0.242s] -- Up-to-date: /home/jon/swap_ws/install/ur_controllers/include/ur_controllers/freedrive_mode_controller_parameters.hpp
[0.242s] -- Up-to-date: /home/jon/swap_ws/install/ur_controllers/include/ur_controllers/passthrough_trajectory_controller_parameters.hpp
[0.242s] -- Up-to-date: /home/jon/swap_ws/install/ur_controllers/include/ur_controllers
[0.242s] -- Up-to-date: /home/jon/swap_ws/install/ur_controllers/include/ur_controllers/ur_configuration_controller_parameters.hpp
[0.242s] -- Up-to-date: /home/jon/swap_ws/install/ur_controllers/include/ur_controllers/tool_contact_controller_parameters.hpp
[0.242s] -- Up-to-date: /home/jon/swap_ws/install/ur_controllers/include/ur_controllers/force_mode_controller_parameters.hpp
[0.242s] -- Up-to-date: /home/jon/swap_ws/install/ur_controllers/include/ur_controllers/gpio_controller_parameters.hpp
[0.242s] -- Up-to-date: /home/jon/swap_ws/install/ur_controllers/include/ur_controllers/scaled_joint_trajectory_controller_parameters.hpp
[0.242s] -- Up-to-date: /home/jon/swap_ws/install/ur_controllers/include/ur_controllers/speed_scaling_state_broadcaster_parameters.hpp
[0.242s] -- Up-to-date: /home/jon/swap_ws/install/ur_controllers/include/ur_controllers/freedrive_mode_controller_parameters.hpp
[0.242s] -- Up-to-date: /home/jon/swap_ws/install/ur_controllers/include/ur_controllers/passthrough_trajectory_controller_parameters.hpp
[0.242s] -- Up-to-date: /home/jon/swap_ws/install/ur_controllers/include/ur_controllers
[0.242s] -- Up-to-date: /home/jon/swap_ws/install/ur_controllers/include/ur_controllers/ur_configuration_controller_parameters.hpp
[0.242s] -- Up-to-date: /home/jon/swap_ws/install/ur_controllers/include/ur_controllers/tool_contact_controller_parameters.hpp
[0.242s] -- Up-to-date: /home/jon/swap_ws/install/ur_controllers/include/ur_controllers/force_mode_controller_parameters.hpp
[0.242s] -- Up-to-date: /home/jon/swap_ws/install/ur_controllers/include/ur_controllers/gpio_controller_parameters.hpp
[0.243s] -- Up-to-date: /home/jon/swap_ws/install/ur_controllers/include/ur_controllers/scaled_joint_trajectory_controller_parameters.hpp
[0.243s] -- Up-to-date: /home/jon/swap_ws/install/ur_controllers/include/ur_controllers/speed_scaling_state_broadcaster_parameters.hpp
[0.243s] -- Up-to-date: /home/jon/swap_ws/install/ur_controllers/include/ur_controllers/freedrive_mode_controller_parameters.hpp
[0.243s] -- Up-to-date: /home/jon/swap_ws/install/ur_controllers/include/ur_controllers/passthrough_trajectory_controller_parameters.hpp
[0.243s] -- Up-to-date: /home/jon/swap_ws/install/ur_controllers/include/ur_controllers
[0.243s] -- Up-to-date: /home/jon/swap_ws/install/ur_controllers/include/ur_controllers/ur_configuration_controller_parameters.hpp
[0.243s] -- Up-to-date: /home/jon/swap_ws/install/ur_controllers/include/ur_controllers/tool_contact_controller_parameters.hpp
[0.243s] -- Up-to-date: /home/jon/swap_ws/install/ur_controllers/include/ur_controllers/force_mode_controller_parameters.hpp
[0.244s] -- Up-to-date: /home/jon/swap_ws/install/ur_controllers/include/ur_controllers/gpio_controller_parameters.hpp
[0.244s] -- Up-to-date: /home/jon/swap_ws/install/ur_controllers/include/ur_controllers/scaled_joint_trajectory_controller_parameters.hpp
[0.244s] -- Up-to-date: /home/jon/swap_ws/install/ur_controllers/include/ur_controllers/speed_scaling_state_broadcaster_parameters.hpp
[0.245s] -- Up-to-date: /home/jon/swap_ws/install/ur_controllers/include/ur_controllers/freedrive_mode_controller_parameters.hpp
[0.246s] -- Up-to-date: /home/jon/swap_ws/install/ur_controllers/include/ur_controllers/passthrough_trajectory_controller_parameters.hpp
[0.246s] -- Up-to-date: /home/jon/swap_ws/install/ur_controllers/include/ur_controllers
[0.246s] -- Up-to-date: /home/jon/swap_ws/install/ur_controllers/include/ur_controllers/ur_configuration_controller_parameters.hpp
[0.246s] -- Up-to-date: /home/jon/swap_ws/install/ur_controllers/include/ur_controllers/tool_contact_controller_parameters.hpp
[0.246s] -- Up-to-date: /home/jon/swap_ws/install/ur_controllers/include/ur_controllers/force_mode_controller_parameters.hpp
[0.246s] -- Up-to-date: /home/jon/swap_ws/install/ur_controllers/include/ur_controllers/gpio_controller_parameters.hpp
[0.247s] -- Up-to-date: /home/jon/swap_ws/install/ur_controllers/include/ur_controllers/scaled_joint_trajectory_controller_parameters.hpp
[0.247s] -- Up-to-date: /home/jon/swap_ws/install/ur_controllers/include/ur_controllers/speed_scaling_state_broadcaster_parameters.hpp
[0.247s] -- Up-to-date: /home/jon/swap_ws/install/ur_controllers/include/ur_controllers/freedrive_mode_controller_parameters.hpp
[0.247s] -- Up-to-date: /home/jon/swap_ws/install/ur_controllers/include/ur_controllers/passthrough_trajectory_controller_parameters.hpp
[0.247s] -- Up-to-date: /home/jon/swap_ws/install/ur_controllers/share/ur_controllers/controller_plugins.xml
[0.247s] -- Up-to-date: /home/jon/swap_ws/install/ur_controllers/lib/libur_controllers.so
[0.247s] -- Up-to-date: /home/jon/swap_ws/install/ur_controllers/include
[0.247s] -- Up-to-date: /home/jon/swap_ws/install/ur_controllers/include/ur_controllers
[0.248s] -- Up-to-date: /home/jon/swap_ws/install/ur_controllers/include/ur_controllers/scaled_joint_trajectory_controller.hpp
[0.248s] -- Up-to-date: /home/jon/swap_ws/install/ur_controllers/include/ur_controllers/speed_scaling_state_broadcaster.hpp
[0.248s] -- Up-to-date: /home/jon/swap_ws/install/ur_controllers/include/ur_controllers/gpio_controller.hpp
[0.248s] -- Up-to-date: /home/jon/swap_ws/install/ur_controllers/include/ur_controllers/tool_contact_controller.hpp
[0.248s] -- Up-to-date: /home/jon/swap_ws/install/ur_controllers/include/ur_controllers/freedrive_mode_controller.hpp
[0.248s] -- Up-to-date: /home/jon/swap_ws/install/ur_controllers/include/ur_controllers/force_mode_controller.hpp
[0.248s] -- Up-to-date: /home/jon/swap_ws/install/ur_controllers/include/ur_controllers/ur_configuration_controller.hpp
[0.249s] -- Up-to-date: /home/jon/swap_ws/install/ur_controllers/include/ur_controllers/passthrough_trajectory_controller.hpp
[0.249s] -- Up-to-date: /home/jon/swap_ws/install/ur_controllers/share/ur_controllers/controller_plugins.xml
[0.249s] -- Up-to-date: /home/jon/swap_ws/install/ur_controllers/share/ur_controllers/environment/library_path.sh
[0.249s] -- Up-to-date: /home/jon/swap_ws/install/ur_controllers/share/ur_controllers/environment/library_path.dsv
[0.249s] -- Up-to-date: /home/jon/swap_ws/install/ur_controllers/share/ament_index/resource_index/package_run_dependencies/ur_controllers
[0.249s] -- Up-to-date: /home/jon/swap_ws/install/ur_controllers/share/ament_index/resource_index/parent_prefix_path/ur_controllers
[0.249s] -- Up-to-date: /home/jon/swap_ws/install/ur_controllers/share/ur_controllers/environment/ament_prefix_path.sh
[0.249s] -- Up-to-date: /home/jon/swap_ws/install/ur_controllers/share/ur_controllers/environment/ament_prefix_path.dsv
[0.250s] -- Up-to-date: /home/jon/swap_ws/install/ur_controllers/share/ur_controllers/environment/path.sh
[0.250s] -- Up-to-date: /home/jon/swap_ws/install/ur_controllers/share/ur_controllers/environment/path.dsv
[0.250s] -- Up-to-date: /home/jon/swap_ws/install/ur_controllers/share/ur_controllers/local_setup.bash
[0.250s] -- Up-to-date: /home/jon/swap_ws/install/ur_controllers/share/ur_controllers/local_setup.sh
[0.250s] -- Up-to-date: /home/jon/swap_ws/install/ur_controllers/share/ur_controllers/local_setup.zsh
[0.250s] -- Up-to-date: /home/jon/swap_ws/install/ur_controllers/share/ur_controllers/local_setup.dsv
[0.250s] -- Installing: /home/jon/swap_ws/install/ur_controllers/share/ur_controllers/package.dsv
[0.250s] -- Up-to-date: /home/jon/swap_ws/install/ur_controllers/share/ament_index/resource_index/packages/ur_controllers
[0.251s] -- Up-to-date: /home/jon/swap_ws/install/ur_controllers/share/ament_index/resource_index/controller_interface__pluginlib__plugin/ur_controllers
[0.251s] -- Up-to-date: /home/jon/swap_ws/install/ur_controllers/share/ur_controllers/cmake/ament_cmake_export_dependencies-extras.cmake
[0.251s] -- Up-to-date: /home/jon/swap_ws/install/ur_controllers/share/ur_controllers/cmake/ament_cmake_export_include_directories-extras.cmake
[0.251s] -- Up-to-date: /home/jon/swap_ws/install/ur_controllers/share/ur_controllers/cmake/ament_cmake_export_libraries-extras.cmake
[0.251s] -- Up-to-date: /home/jon/swap_ws/install/ur_controllers/share/ur_controllers/cmake/ur_controllersConfig.cmake
[0.251s] -- Up-to-date: /home/jon/swap_ws/install/ur_controllers/share/ur_controllers/cmake/ur_controllersConfig-version.cmake
[0.251s] -- Up-to-date: /home/jon/swap_ws/install/ur_controllers/share/ur_controllers/package.xml
[0.251s] Invoked command in '/home/jon/swap_ws/build/ur_controllers' returned '0': CMAKE_PREFIX_PATH=/home/jon/swap_ws/install/ur_dashboard_msgs:/home/jon/swap_ws/install/ur_robotiq:/home/jon/swap_ws/install/ur_robotiq_description:/home/jon/swap_ws/install/ur:/home/jon/swap_ws/install/ur_calibration:/home/jon/swap_ws/install/ur_robot_driver:/home/jon/swap_ws/install/ur_moveit_config:/home/jon/swap_ws/install/ur_controllers:/home/jon/swap_ws/install/ur3e_2fg7_description:/opt/ros/jazzy/opt/sdformat_vendor:/opt/ros/jazzy/opt/gz_math_vendor:/opt/ros/jazzy/opt/gz_utils_vendor:/opt/ros/jazzy/opt/gz_tools_vendor:/opt/ros/jazzy/opt/gz_cmake_vendor:/opt/ros/jazzy DEBUGINFOD_URLS=https://debuginfod.ubuntu.com LD_LIBRARY_PATH=/home/jon/swap_ws/install/ur_dashboard_msgs/lib:/home/jon/swap_ws/install/ur_robot_driver/lib:/home/jon/swap_ws/install/ur_controllers/lib:/opt/ros/jazzy/opt/sdformat_vendor/lib:/opt/ros/jazzy/opt/rviz_ogre_vendor/lib:/opt/ros/jazzy/lib/x86_64-linux-gnu:/opt/ros/jazzy/opt/gz_math_vendor/lib:/opt/ros/jazzy/opt/gz_utils_vendor/lib:/opt/ros/jazzy/opt/gz_tools_vendor/lib:/opt/ros/jazzy/opt/gz_cmake_vendor/lib:/opt/ros/jazzy/lib PYTHONPATH=/home/jon/swap_ws/install/ur_dashboard_msgs/lib/python3.12/site-packages:/home/jon/swap_ws/install/ur_robot_driver/lib/python3.12/site-packages:/opt/ros/jazzy/lib/python3.12/site-packages /usr/bin/cmake --install /home/jon/swap_ws/build/ur_controllers
