[0.026s] Invoking command in '/home/jon/swap_ws/build/ur_calibration': CMAKE_PREFIX_PATH=/home/jon/swap_ws/install/ur_robot_driver:/home/jon/swap_ws/install/ur_controllers:/home/jon/swap_ws/install/ur_dashboard_msgs:/home/jon/swap_ws/install/ur_robotiq:/home/jon/swap_ws/install/ur_robotiq_description:/home/jon/swap_ws/install/ur:/home/jon/swap_ws/install/ur_calibration:/home/jon/swap_ws/install/ur_moveit_config:/home/jon/swap_ws/install/ur3e_2fg7_description:/opt/ros/jazzy/opt/sdformat_vendor:/opt/ros/jazzy/opt/gz_math_vendor:/opt/ros/jazzy/opt/gz_utils_vendor:/opt/ros/jazzy/opt/gz_tools_vendor:/opt/ros/jazzy/opt/gz_cmake_vendor:/opt/ros/jazzy DEBUGINFOD_URLS=https://debuginfod.ubuntu.com /usr/bin/cmake --build /home/jon/swap_ws/build/ur_calibration -- -j4 -l4
[0.113s] [ 16%] Built target gmock_main
[0.114s] [ 41%] Built target gmock
[0.117s] [ 66%] Built target calibration
[0.154s] [100%] Built target calibration_correction
[0.154s] [100%] Built target calibration_test
[0.169s] Invoked command in '/home/jon/swap_ws/build/ur_calibration' returned '0': CMAKE_PREFIX_PATH=/home/jon/swap_ws/install/ur_robot_driver:/home/jon/swap_ws/install/ur_controllers:/home/jon/swap_ws/install/ur_dashboard_msgs:/home/jon/swap_ws/install/ur_robotiq:/home/jon/swap_ws/install/ur_robotiq_description:/home/jon/swap_ws/install/ur:/home/jon/swap_ws/install/ur_calibration:/home/jon/swap_ws/install/ur_moveit_config:/home/jon/swap_ws/install/ur3e_2fg7_description:/opt/ros/jazzy/opt/sdformat_vendor:/opt/ros/jazzy/opt/gz_math_vendor:/opt/ros/jazzy/opt/gz_utils_vendor:/opt/ros/jazzy/opt/gz_tools_vendor:/opt/ros/jazzy/opt/gz_cmake_vendor:/opt/ros/jazzy DEBUGINFOD_URLS=https://debuginfod.ubuntu.com /usr/bin/cmake --build /home/jon/swap_ws/build/ur_calibration -- -j4 -l4
[0.171s] Invoking command in '/home/jon/swap_ws/build/ur_calibration': CMAKE_PREFIX_PATH=/home/jon/swap_ws/install/ur_robot_driver:/home/jon/swap_ws/install/ur_controllers:/home/jon/swap_ws/install/ur_dashboard_msgs:/home/jon/swap_ws/install/ur_robotiq:/home/jon/swap_ws/install/ur_robotiq_description:/home/jon/swap_ws/install/ur:/home/jon/swap_ws/install/ur_calibration:/home/jon/swap_ws/install/ur_moveit_config:/home/jon/swap_ws/install/ur3e_2fg7_description:/opt/ros/jazzy/opt/sdformat_vendor:/opt/ros/jazzy/opt/gz_math_vendor:/opt/ros/jazzy/opt/gz_utils_vendor:/opt/ros/jazzy/opt/gz_tools_vendor:/opt/ros/jazzy/opt/gz_cmake_vendor:/opt/ros/jazzy DEBUGINFOD_URLS=https://debuginfod.ubuntu.com /usr/bin/cmake --install /home/jon/swap_ws/build/ur_calibration
[0.182s] -- Install configuration: "Release"
[0.183s] -- Up-to-date: /home/jon/swap_ws/install/ur_calibration/lib/ur_calibration/calibration_correction
[0.183s] -- Up-to-date: /home/jon/swap_ws/install/ur_calibration/include
[0.183s] -- Up-to-date: /home/jon/swap_ws/install/ur_calibration/include/ur_calibration
[0.183s] -- Up-to-date: /home/jon/swap_ws/install/ur_calibration/include/ur_calibration/calibration_consumer.hpp
[0.183s] -- Up-to-date: /home/jon/swap_ws/install/ur_calibration/include/ur_calibration/calibration.hpp
[0.183s] -- Up-to-date: /home/jon/swap_ws/install/ur_calibration/share/ur_calibration/launch
[0.184s] -- Up-to-date: /home/jon/swap_ws/install/ur_calibration/share/ur_calibration/launch/calibration_correction.launch.py
[0.184s] -- Up-to-date: /home/jon/swap_ws/install/ur_calibration/share/ament_index/resource_index/package_run_dependencies/ur_calibration
[0.184s] -- Up-to-date: /home/jon/swap_ws/install/ur_calibration/share/ament_index/resource_index/parent_prefix_path/ur_calibration
[0.184s] -- Up-to-date: /home/jon/swap_ws/install/ur_calibration/share/ur_calibration/environment/ament_prefix_path.sh
[0.184s] -- Up-to-date: /home/jon/swap_ws/install/ur_calibration/share/ur_calibration/environment/ament_prefix_path.dsv
[0.184s] -- Up-to-date: /home/jon/swap_ws/install/ur_calibration/share/ur_calibration/environment/path.sh
[0.184s] -- Up-to-date: /home/jon/swap_ws/install/ur_calibration/share/ur_calibration/environment/path.dsv
[0.184s] -- Up-to-date: /home/jon/swap_ws/install/ur_calibration/share/ur_calibration/local_setup.bash
[0.184s] -- Up-to-date: /home/jon/swap_ws/install/ur_calibration/share/ur_calibration/local_setup.sh
[0.184s] -- Up-to-date: /home/jon/swap_ws/install/ur_calibration/share/ur_calibration/local_setup.zsh
[0.184s] -- Up-to-date: /home/jon/swap_ws/install/ur_calibration/share/ur_calibration/local_setup.dsv
[0.184s] -- Installing: /home/jon/swap_ws/install/ur_calibration/share/ur_calibration/package.dsv
[0.185s] -- Up-to-date: /home/jon/swap_ws/install/ur_calibration/share/ament_index/resource_index/packages/ur_calibration
[0.185s] -- Up-to-date: /home/jon/swap_ws/install/ur_calibration/share/ur_calibration/cmake/ament_cmake_export_include_directories-extras.cmake
[0.185s] -- Up-to-date: /home/jon/swap_ws/install/ur_calibration/share/ur_calibration/cmake/ament_cmake_export_dependencies-extras.cmake
[0.185s] -- Up-to-date: /home/jon/swap_ws/install/ur_calibration/share/ur_calibration/cmake/ur_calibrationConfig.cmake
[0.185s] -- Up-to-date: /home/jon/swap_ws/install/ur_calibration/share/ur_calibration/cmake/ur_calibrationConfig-version.cmake
[0.185s] -- Up-to-date: /home/jon/swap_ws/install/ur_calibration/share/ur_calibration/package.xml
[0.187s] Invoked command in '/home/jon/swap_ws/build/ur_calibration' returned '0': CMAKE_PREFIX_PATH=/home/jon/swap_ws/install/ur_robot_driver:/home/jon/swap_ws/install/ur_controllers:/home/jon/swap_ws/install/ur_dashboard_msgs:/home/jon/swap_ws/install/ur_robotiq:/home/jon/swap_ws/install/ur_robotiq_description:/home/jon/swap_ws/install/ur:/home/jon/swap_ws/install/ur_calibration:/home/jon/swap_ws/install/ur_moveit_config:/home/jon/swap_ws/install/ur3e_2fg7_description:/opt/ros/jazzy/opt/sdformat_vendor:/opt/ros/jazzy/opt/gz_math_vendor:/opt/ros/jazzy/opt/gz_utils_vendor:/opt/ros/jazzy/opt/gz_tools_vendor:/opt/ros/jazzy/opt/gz_cmake_vendor:/opt/ros/jazzy DEBUGINFOD_URLS=https://debuginfod.ubuntu.com /usr/bin/cmake --install /home/jon/swap_ws/build/ur_calibration
