[0.019s] Invoking command in '/home/jon/swap_ws/build/ur_controllers': CMAKE_PREFIX_PATH=/home/jon/swap_ws/install/ur_dashboard_msgs:/home/jon/swap_ws/install/ur_robotiq:/home/jon/swap_ws/install/ur_robotiq_description:/home/jon/swap_ws/install/ur:/home/jon/swap_ws/install/ur_calibration:/home/jon/swap_ws/install/ur_robot_driver:/home/jon/swap_ws/install/ur_moveit_config:/home/jon/swap_ws/install/ur_controllers:/home/jon/swap_ws/install/ur3e_2fg7_description:/opt/ros/jazzy/opt/sdformat_vendor:/opt/ros/jazzy/opt/gz_math_vendor:/opt/ros/jazzy/opt/gz_utils_vendor:/opt/ros/jazzy/opt/gz_tools_vendor:/opt/ros/jazzy/opt/gz_cmake_vendor:/opt/ros/jazzy DEBUGINFOD_URLS=https://debuginfod.ubuntu.com LD_LIBRARY_PATH=/home/jon/swap_ws/install/ur_dashboard_msgs/lib:/home/jon/swap_ws/install/ur_robot_driver/lib:/home/jon/swap_ws/install/ur_controllers/lib:/opt/ros/jazzy/opt/sdformat_vendor/lib:/opt/ros/jazzy/opt/rviz_ogre_vendor/lib:/opt/ros/jazzy/lib/x86_64-linux-gnu:/opt/ros/jazzy/opt/gz_math_vendor/lib:/opt/ros/jazzy/opt/gz_utils_vendor/lib:/opt/ros/jazzy/opt/gz_tools_vendor/lib:/opt/ros/jazzy/opt/gz_cmake_vendor/lib:/opt/ros/jazzy/lib PYTHONPATH=/home/jon/swap_ws/install/ur_dashboard_msgs/lib/python3.12/site-packages:/home/jon/swap_ws/install/ur_robot_driver/lib/python3.12/site-packages:/opt/ros/jazzy/lib/python3.12/site-packages /usr/bin/cmake --build /home/jon/swap_ws/build/ur_controllers -- -j4 -l4
[0.093s] [ 14%] Built target tool_contact_controller_parameters
[0.093s] [ 17%] Built target gpio_controller_parameters
[0.095s] [ 14%] Built target force_mode_controller_parameters
[0.099s] [ 23%] Built target speed_scaling_state_broadcaster_parameters
[0.122s] [ 32%] Built target passthrough_trajectory_controller_parameters
[0.123s] [ 35%] Built target freedrive_mode_controller_parameters
[0.142s] [ 41%] Built target scaled_joint_trajectory_controller_parameters
[0.147s] [ 47%] Built target ur_configuration_controller_parameters
[0.160s] [ 52%] Built target gmock_main
[0.162s] [ 61%] Built target gmock
[0.198s] [ 88%] Built target ur_controllers
[0.243s] [ 94%] Built target test_load_force_mode_controller
[0.244s] [100%] Built target test_load_freedrive_mode_controller
[0.261s] Invoked command in '/home/jon/swap_ws/build/ur_controllers' returned '0': CMAKE_PREFIX_PATH=/home/jon/swap_ws/install/ur_dashboard_msgs:/home/jon/swap_ws/install/ur_robotiq:/home/jon/swap_ws/install/ur_robotiq_description:/home/jon/swap_ws/install/ur:/home/jon/swap_ws/install/ur_calibration:/home/jon/swap_ws/install/ur_robot_driver:/home/jon/swap_ws/install/ur_moveit_config:/home/jon/swap_ws/install/ur_controllers:/home/jon/swap_ws/install/ur3e_2fg7_description:/opt/ros/jazzy/opt/sdformat_vendor:/opt/ros/jazzy/opt/gz_math_vendor:/opt/ros/jazzy/opt/gz_utils_vendor:/opt/ros/jazzy/opt/gz_tools_vendor:/opt/ros/jazzy/opt/gz_cmake_vendor:/opt/ros/jazzy DEBUGINFOD_URLS=https://debuginfod.ubuntu.com LD_LIBRARY_PATH=/home/jon/swap_ws/install/ur_dashboard_msgs/lib:/home/jon/swap_ws/install/ur_robot_driver/lib:/home/jon/swap_ws/install/ur_controllers/lib:/opt/ros/jazzy/opt/sdformat_vendor/lib:/opt/ros/jazzy/opt/rviz_ogre_vendor/lib:/opt/ros/jazzy/lib/x86_64-linux-gnu:/opt/ros/jazzy/opt/gz_math_vendor/lib:/opt/ros/jazzy/opt/gz_utils_vendor/lib:/opt/ros/jazzy/opt/gz_tools_vendor/lib:/opt/ros/jazzy/opt/gz_cmake_vendor/lib:/opt/ros/jazzy/lib PYTHONPATH=/home/jon/swap_ws/install/ur_dashboard_msgs/lib/python3.12/site-packages:/home/jon/swap_ws/install/ur_robot_driver/lib/python3.12/site-packages:/opt/ros/jazzy/lib/python3.12/site-packages /usr/bin/cmake --build /home/jon/swap_ws/build/ur_controllers -- -j4 -l4
[0.262s] Invoking command in '/home/jon/swap_ws/build/ur_controllers': CMAKE_PREFIX_PATH=/home/jon/swap_ws/install/ur_dashboard_msgs:/home/jon/swap_ws/install/ur_robotiq:/home/jon/swap_ws/install/ur_robotiq_description:/home/jon/swap_ws/install/ur:/home/jon/swap_ws/install/ur_calibration:/home/jon/swap_ws/install/ur_robot_driver:/home/jon/swap_ws/install/ur_moveit_config:/home/jon/swap_ws/install/ur_controllers:/home/jon/swap_ws/install/ur3e_2fg7_description:/opt/ros/jazzy/opt/sdformat_vendor:/opt/ros/jazzy/opt/gz_math_vendor:/opt/ros/jazzy/opt/gz_utils_vendor:/opt/ros/jazzy/opt/gz_tools_vendor:/opt/ros/jazzy/opt/gz_cmake_vendor:/opt/ros/jazzy DEBUGINFOD_URLS=https://debuginfod.ubuntu.com LD_LIBRARY_PATH=/home/jon/swap_ws/install/ur_dashboard_msgs/lib:/home/jon/swap_ws/install/ur_robot_driver/lib:/home/jon/swap_ws/install/ur_controllers/lib:/opt/ros/jazzy/opt/sdformat_vendor/lib:/opt/ros/jazzy/opt/rviz_ogre_vendor/lib:/opt/ros/jazzy/lib/x86_64-linux-gnu:/opt/ros/jazzy/opt/gz_math_vendor/lib:/opt/ros/jazzy/opt/gz_utils_vendor/lib:/opt/ros/jazzy/opt/gz_tools_vendor/lib:/opt/ros/jazzy/opt/gz_cmake_vendor/lib:/opt/ros/jazzy/lib PYTHONPATH=/home/jon/swap_ws/install/ur_dashboard_msgs/lib/python3.12/site-packages:/home/jon/swap_ws/install/ur_robot_driver/lib/python3.12/site-packages:/opt/ros/jazzy/lib/python3.12/site-packages /usr/bin/cmake --install /home/jon/swap_ws/build/ur_controllers
[0.273s] -- Install configuration: ""
[0.274s] -- Up-to-date: /home/jon/swap_ws/install/ur_controllers/include/ur_controllers
[0.274s] -- Up-to-date: /home/jon/swap_ws/install/ur_controllers/include/ur_controllers/ur_configuration_controller_parameters.hpp
[0.274s] -- Up-to-date: /home/jon/swap_ws/install/ur_controllers/include/ur_controllers/tool_contact_controller_parameters.hpp
[0.274s] -- Up-to-date: /home/jon/swap_ws/install/ur_controllers/include/ur_controllers/force_mode_controller_parameters.hpp
[0.275s] -- Up-to-date: /home/jon/swap_ws/install/ur_controllers/include/ur_controllers/gpio_controller_parameters.hpp
[0.275s] -- Up-to-date: /home/jon/swap_ws/install/ur_controllers/include/ur_controllers/scaled_joint_trajectory_controller_parameters.hpp
[0.275s] -- Up-to-date: /home/jon/swap_ws/install/ur_controllers/include/ur_controllers/speed_scaling_state_broadcaster_parameters.hpp
[0.275s] -- Up-to-date: /home/jon/swap_ws/install/ur_controllers/include/ur_controllers/freedrive_mode_controller_parameters.hpp
[0.275s] -- Up-to-date: /home/jon/swap_ws/install/ur_controllers/include/ur_controllers/passthrough_trajectory_controller_parameters.hpp
[0.275s] -- Up-to-date: /home/jon/swap_ws/install/ur_controllers/include/ur_controllers
[0.276s] -- Up-to-date: /home/jon/swap_ws/install/ur_controllers/include/ur_controllers/ur_configuration_controller_parameters.hpp
[0.276s] -- Up-to-date: /home/jon/swap_ws/install/ur_controllers/include/ur_controllers/tool_contact_controller_parameters.hpp
[0.276s] -- Up-to-date: /home/jon/swap_ws/install/ur_controllers/include/ur_controllers/force_mode_controller_parameters.hpp
[0.276s] -- Up-to-date: /home/jon/swap_ws/install/ur_controllers/include/ur_controllers/gpio_controller_parameters.hpp
[0.276s] -- Up-to-date: /home/jon/swap_ws/install/ur_controllers/include/ur_controllers/scaled_joint_trajectory_controller_parameters.hpp
[0.276s] -- Up-to-date: /home/jon/swap_ws/install/ur_controllers/include/ur_controllers/speed_scaling_state_broadcaster_parameters.hpp
[0.276s] -- Up-to-date: /home/jon/swap_ws/install/ur_controllers/include/ur_controllers/freedrive_mode_controller_parameters.hpp
[0.276s] -- Up-to-date: /home/jon/swap_ws/install/ur_controllers/include/ur_controllers/passthrough_trajectory_controller_parameters.hpp
[0.276s] -- Up-to-date: /home/jon/swap_ws/install/ur_controllers/include/ur_controllers
[0.277s] -- Up-to-date: /home/jon/swap_ws/install/ur_controllers/include/ur_controllers/ur_configuration_controller_parameters.hpp
[0.277s] -- Up-to-date: /home/jon/swap_ws/install/ur_controllers/include/ur_controllers/tool_contact_controller_parameters.hpp
[0.277s] -- Up-to-date: /home/jon/swap_ws/install/ur_controllers/include/ur_controllers/force_mode_controller_parameters.hpp
[0.277s] -- Up-to-date: /home/jon/swap_ws/install/ur_controllers/include/ur_controllers/gpio_controller_parameters.hpp
[0.277s] -- Up-to-date: /home/jon/swap_ws/install/ur_controllers/include/ur_controllers/scaled_joint_trajectory_controller_parameters.hpp
[0.278s] -- Up-to-date: /home/jon/swap_ws/install/ur_controllers/include/ur_controllers/speed_scaling_state_broadcaster_parameters.hpp
[0.278s] -- Up-to-date: /home/jon/swap_ws/install/ur_controllers/include/ur_controllers/freedrive_mode_controller_parameters.hpp
[0.278s] -- Up-to-date: /home/jon/swap_ws/install/ur_controllers/include/ur_controllers/passthrough_trajectory_controller_parameters.hpp
[0.278s] -- Up-to-date: /home/jon/swap_ws/install/ur_controllers/include/ur_controllers
[0.278s] -- Up-to-date: /home/jon/swap_ws/install/ur_controllers/include/ur_controllers/ur_configuration_controller_parameters.hpp
[0.278s] -- Up-to-date: /home/jon/swap_ws/install/ur_controllers/include/ur_controllers/tool_contact_controller_parameters.hpp
[0.278s] -- Up-to-date: /home/jon/swap_ws/install/ur_controllers/include/ur_controllers/force_mode_controller_parameters.hpp
[0.278s] -- Up-to-date: /home/jon/swap_ws/install/ur_controllers/include/ur_controllers/gpio_controller_parameters.hpp
[0.278s] -- Up-to-date: /home/jon/swap_ws/install/ur_controllers/include/ur_controllers/scaled_joint_trajectory_controller_parameters.hpp
[0.278s] -- Up-to-date: /home/jon/swap_ws/install/ur_controllers/include/ur_controllers/speed_scaling_state_broadcaster_parameters.hpp
[0.278s] -- Up-to-date: /home/jon/swap_ws/install/ur_controllers/include/ur_controllers/freedrive_mode_controller_parameters.hpp
[0.278s] -- Up-to-date: /home/jon/swap_ws/install/ur_controllers/include/ur_controllers/passthrough_trajectory_controller_parameters.hpp
[0.278s] -- Up-to-date: /home/jon/swap_ws/install/ur_controllers/include/ur_controllers
[0.278s] -- Up-to-date: /home/jon/swap_ws/install/ur_controllers/include/ur_controllers/ur_configuration_controller_parameters.hpp
[0.279s] -- Up-to-date: /home/jon/swap_ws/install/ur_controllers/include/ur_controllers/tool_contact_controller_parameters.hpp
[0.279s] -- Up-to-date: /home/jon/swap_ws/install/ur_controllers/include/ur_controllers/force_mode_controller_parameters.hpp
[0.279s] -- Up-to-date: /home/jon/swap_ws/install/ur_controllers/include/ur_controllers/gpio_controller_parameters.hpp
[0.279s] -- Up-to-date: /home/jon/swap_ws/install/ur_controllers/include/ur_controllers/scaled_joint_trajectory_controller_parameters.hpp
[0.279s] -- Up-to-date: /home/jon/swap_ws/install/ur_controllers/include/ur_controllers/speed_scaling_state_broadcaster_parameters.hpp
[0.279s] -- Up-to-date: /home/jon/swap_ws/install/ur_controllers/include/ur_controllers/freedrive_mode_controller_parameters.hpp
[0.279s] -- Up-to-date: /home/jon/swap_ws/install/ur_controllers/include/ur_controllers/passthrough_trajectory_controller_parameters.hpp
[0.279s] -- Up-to-date: /home/jon/swap_ws/install/ur_controllers/include/ur_controllers
[0.279s] -- Up-to-date: /home/jon/swap_ws/install/ur_controllers/include/ur_controllers/ur_configuration_controller_parameters.hpp
[0.279s] -- Up-to-date: /home/jon/swap_ws/install/ur_controllers/include/ur_controllers/tool_contact_controller_parameters.hpp
[0.279s] -- Up-to-date: /home/jon/swap_ws/install/ur_controllers/include/ur_controllers/force_mode_controller_parameters.hpp
[0.279s] -- Up-to-date: /home/jon/swap_ws/install/ur_controllers/include/ur_controllers/gpio_controller_parameters.hpp
[0.280s] -- Up-to-date: /home/jon/swap_ws/install/ur_controllers/include/ur_controllers/scaled_joint_trajectory_controller_parameters.hpp
[0.280s] -- Up-to-date: /home/jon/swap_ws/install/ur_controllers/include/ur_controllers/speed_scaling_state_broadcaster_parameters.hpp
[0.280s] -- Up-to-date: /home/jon/swap_ws/install/ur_controllers/include/ur_controllers/freedrive_mode_controller_parameters.hpp
[0.282s] -- Up-to-date: /home/jon/swap_ws/install/ur_controllers/include/ur_controllers/passthrough_trajectory_controller_parameters.hpp
[0.282s] -- Up-to-date: /home/jon/swap_ws/install/ur_controllers/include/ur_controllers
[0.282s] -- Up-to-date: /home/jon/swap_ws/install/ur_controllers/include/ur_controllers/ur_configuration_controller_parameters.hpp
[0.282s] -- Up-to-date: /home/jon/swap_ws/install/ur_controllers/include/ur_controllers/tool_contact_controller_parameters.hpp
[0.283s] -- Up-to-date: /home/jon/swap_ws/install/ur_controllers/include/ur_controllers/force_mode_controller_parameters.hpp
[0.283s] -- Up-to-date: /home/jon/swap_ws/install/ur_controllers/include/ur_controllers/gpio_controller_parameters.hpp
[0.284s] -- Up-to-date: /home/jon/swap_ws/install/ur_controllers/include/ur_controllers/scaled_joint_trajectory_controller_parameters.hpp
[0.284s] -- Up-to-date: /home/jon/swap_ws/install/ur_controllers/include/ur_controllers/speed_scaling_state_broadcaster_parameters.hpp
[0.284s] -- Up-to-date: /home/jon/swap_ws/install/ur_controllers/include/ur_controllers/freedrive_mode_controller_parameters.hpp
[0.284s] -- Up-to-date: /home/jon/swap_ws/install/ur_controllers/include/ur_controllers/passthrough_trajectory_controller_parameters.hpp
[0.284s] -- Up-to-date: /home/jon/swap_ws/install/ur_controllers/include/ur_controllers
[0.284s] -- Up-to-date: /home/jon/swap_ws/install/ur_controllers/include/ur_controllers/ur_configuration_controller_parameters.hpp
[0.284s] -- Up-to-date: /home/jon/swap_ws/install/ur_controllers/include/ur_controllers/tool_contact_controller_parameters.hpp
[0.284s] -- Up-to-date: /home/jon/swap_ws/install/ur_controllers/include/ur_controllers/force_mode_controller_parameters.hpp
[0.285s] -- Up-to-date: /home/jon/swap_ws/install/ur_controllers/include/ur_controllers/gpio_controller_parameters.hpp
[0.285s] -- Up-to-date: /home/jon/swap_ws/install/ur_controllers/include/ur_controllers/scaled_joint_trajectory_controller_parameters.hpp
[0.285s] -- Up-to-date: /home/jon/swap_ws/install/ur_controllers/include/ur_controllers/speed_scaling_state_broadcaster_parameters.hpp
[0.285s] -- Up-to-date: /home/jon/swap_ws/install/ur_controllers/include/ur_controllers/freedrive_mode_controller_parameters.hpp
[0.285s] -- Up-to-date: /home/jon/swap_ws/install/ur_controllers/include/ur_controllers/passthrough_trajectory_controller_parameters.hpp
[0.285s] -- Up-to-date: /home/jon/swap_ws/install/ur_controllers/share/ur_controllers/controller_plugins.xml
[0.285s] -- Up-to-date: /home/jon/swap_ws/install/ur_controllers/lib/libur_controllers.so
[0.286s] -- Up-to-date: /home/jon/swap_ws/install/ur_controllers/include
[0.286s] -- Up-to-date: /home/jon/swap_ws/install/ur_controllers/include/ur_controllers
[0.286s] -- Up-to-date: /home/jon/swap_ws/install/ur_controllers/include/ur_controllers/scaled_joint_trajectory_controller.hpp
[0.286s] -- Up-to-date: /home/jon/swap_ws/install/ur_controllers/include/ur_controllers/speed_scaling_state_broadcaster.hpp
[0.286s] -- Up-to-date: /home/jon/swap_ws/install/ur_controllers/include/ur_controllers/gpio_controller.hpp
[0.286s] -- Up-to-date: /home/jon/swap_ws/install/ur_controllers/include/ur_controllers/tool_contact_controller.hpp
[0.286s] -- Up-to-date: /home/jon/swap_ws/install/ur_controllers/include/ur_controllers/freedrive_mode_controller.hpp
[0.287s] -- Up-to-date: /home/jon/swap_ws/install/ur_controllers/include/ur_controllers/force_mode_controller.hpp
[0.287s] -- Up-to-date: /home/jon/swap_ws/install/ur_controllers/include/ur_controllers/ur_configuration_controller.hpp
[0.287s] -- Up-to-date: /home/jon/swap_ws/install/ur_controllers/include/ur_controllers/passthrough_trajectory_controller.hpp
[0.287s] -- Up-to-date: /home/jon/swap_ws/install/ur_controllers/share/ur_controllers/controller_plugins.xml
[0.287s] -- Up-to-date: /home/jon/swap_ws/install/ur_controllers/share/ur_controllers/environment/library_path.sh
[0.288s] -- Up-to-date: /home/jon/swap_ws/install/ur_controllers/share/ur_controllers/environment/library_path.dsv
[0.288s] -- Up-to-date: /home/jon/swap_ws/install/ur_controllers/share/ament_index/resource_index/package_run_dependencies/ur_controllers
[0.288s] -- Up-to-date: /home/jon/swap_ws/install/ur_controllers/share/ament_index/resource_index/parent_prefix_path/ur_controllers
[0.288s] -- Up-to-date: /home/jon/swap_ws/install/ur_controllers/share/ur_controllers/environment/ament_prefix_path.sh
[0.288s] -- Up-to-date: /home/jon/swap_ws/install/ur_controllers/share/ur_controllers/environment/ament_prefix_path.dsv
[0.288s] -- Up-to-date: /home/jon/swap_ws/install/ur_controllers/share/ur_controllers/environment/path.sh
[0.289s] -- Up-to-date: /home/jon/swap_ws/install/ur_controllers/share/ur_controllers/environment/path.dsv
[0.289s] -- Up-to-date: /home/jon/swap_ws/install/ur_controllers/share/ur_controllers/local_setup.bash
[0.289s] -- Up-to-date: /home/jon/swap_ws/install/ur_controllers/share/ur_controllers/local_setup.sh
[0.289s] -- Up-to-date: /home/jon/swap_ws/install/ur_controllers/share/ur_controllers/local_setup.zsh
[0.289s] -- Up-to-date: /home/jon/swap_ws/install/ur_controllers/share/ur_controllers/local_setup.dsv
[0.290s] -- Installing: /home/jon/swap_ws/install/ur_controllers/share/ur_controllers/package.dsv
[0.290s] -- Up-to-date: /home/jon/swap_ws/install/ur_controllers/share/ament_index/resource_index/packages/ur_controllers
[0.290s] -- Up-to-date: /home/jon/swap_ws/install/ur_controllers/share/ament_index/resource_index/controller_interface__pluginlib__plugin/ur_controllers
[0.290s] -- Up-to-date: /home/jon/swap_ws/install/ur_controllers/share/ur_controllers/cmake/ament_cmake_export_dependencies-extras.cmake
[0.290s] -- Up-to-date: /home/jon/swap_ws/install/ur_controllers/share/ur_controllers/cmake/ament_cmake_export_include_directories-extras.cmake
[0.291s] -- Up-to-date: /home/jon/swap_ws/install/ur_controllers/share/ur_controllers/cmake/ament_cmake_export_libraries-extras.cmake
[0.291s] -- Up-to-date: /home/jon/swap_ws/install/ur_controllers/share/ur_controllers/cmake/ur_controllersConfig.cmake
[0.291s] -- Up-to-date: /home/jon/swap_ws/install/ur_controllers/share/ur_controllers/cmake/ur_controllersConfig-version.cmake
[0.291s] -- Up-to-date: /home/jon/swap_ws/install/ur_controllers/share/ur_controllers/package.xml
[0.291s] Invoked command in '/home/jon/swap_ws/build/ur_controllers' returned '0': CMAKE_PREFIX_PATH=/home/jon/swap_ws/install/ur_dashboard_msgs:/home/jon/swap_ws/install/ur_robotiq:/home/jon/swap_ws/install/ur_robotiq_description:/home/jon/swap_ws/install/ur:/home/jon/swap_ws/install/ur_calibration:/home/jon/swap_ws/install/ur_robot_driver:/home/jon/swap_ws/install/ur_moveit_config:/home/jon/swap_ws/install/ur_controllers:/home/jon/swap_ws/install/ur3e_2fg7_description:/opt/ros/jazzy/opt/sdformat_vendor:/opt/ros/jazzy/opt/gz_math_vendor:/opt/ros/jazzy/opt/gz_utils_vendor:/opt/ros/jazzy/opt/gz_tools_vendor:/opt/ros/jazzy/opt/gz_cmake_vendor:/opt/ros/jazzy DEBUGINFOD_URLS=https://debuginfod.ubuntu.com LD_LIBRARY_PATH=/home/jon/swap_ws/install/ur_dashboard_msgs/lib:/home/jon/swap_ws/install/ur_robot_driver/lib:/home/jon/swap_ws/install/ur_controllers/lib:/opt/ros/jazzy/opt/sdformat_vendor/lib:/opt/ros/jazzy/opt/rviz_ogre_vendor/lib:/opt/ros/jazzy/lib/x86_64-linux-gnu:/opt/ros/jazzy/opt/gz_math_vendor/lib:/opt/ros/jazzy/opt/gz_utils_vendor/lib:/opt/ros/jazzy/opt/gz_tools_vendor/lib:/opt/ros/jazzy/opt/gz_cmake_vendor/lib:/opt/ros/jazzy/lib PYTHONPATH=/home/jon/swap_ws/install/ur_dashboard_msgs/lib/python3.12/site-packages:/home/jon/swap_ws/install/ur_robot_driver/lib/python3.12/site-packages:/opt/ros/jazzy/lib/python3.12/site-packages /usr/bin/cmake --install /home/jon/swap_ws/build/ur_controllers
