[0.036s] Invoking command in '/home/jon/swap_ws/build/ur_robotiq': CMAKE_PREFIX_PATH=/home/jon/swap_ws/install/ur_robotiq_description:/home/jon/swap_ws/install/ur_robotiq:/home/jon/swap_ws/install/ur:/home/jon/swap_ws/install/ur_calibration:/home/jon/swap_ws/install/ur_robot_driver:/home/jon/swap_ws/install/ur_moveit_config:/home/jon/swap_ws/install/ur_controllers:/home/jon/swap_ws/install/ur_dashboard_msgs:/home/jon/swap_ws/install/ur3e_2fg7_description:/opt/ros/jazzy/opt/sdformat_vendor:/opt/ros/jazzy/opt/gz_math_vendor:/opt/ros/jazzy/opt/gz_utils_vendor:/opt/ros/jazzy/opt/gz_tools_vendor:/opt/ros/jazzy/opt/gz_cmake_vendor:/opt/ros/jazzy DEBUGINFOD_URLS=https://debuginfod.ubuntu.com /usr/bin/cmake --build /home/jon/swap_ws/build/ur_robotiq -- -j4 -l4
[0.104s] Invoked command in '/home/jon/swap_ws/build/ur_robotiq' returned '0': CMAKE_PREFIX_PATH=/home/jon/swap_ws/install/ur_robotiq_description:/home/jon/swap_ws/install/ur_robotiq:/home/jon/swap_ws/install/ur:/home/jon/swap_ws/install/ur_calibration:/home/jon/swap_ws/install/ur_robot_driver:/home/jon/swap_ws/install/ur_moveit_config:/home/jon/swap_ws/install/ur_controllers:/home/jon/swap_ws/install/ur_dashboard_msgs:/home/jon/swap_ws/install/ur3e_2fg7_description:/opt/ros/jazzy/opt/sdformat_vendor:/opt/ros/jazzy/opt/gz_math_vendor:/opt/ros/jazzy/opt/gz_utils_vendor:/opt/ros/jazzy/opt/gz_tools_vendor:/opt/ros/jazzy/opt/gz_cmake_vendor:/opt/ros/jazzy DEBUGINFOD_URLS=https://debuginfod.ubuntu.com /usr/bin/cmake --build /home/jon/swap_ws/build/ur_robotiq -- -j4 -l4
[0.105s] Invoking command in '/home/jon/swap_ws/build/ur_robotiq': CMAKE_PREFIX_PATH=/home/jon/swap_ws/install/ur_robotiq_description:/home/jon/swap_ws/install/ur_robotiq:/home/jon/swap_ws/install/ur:/home/jon/swap_ws/install/ur_calibration:/home/jon/swap_ws/install/ur_robot_driver:/home/jon/swap_ws/install/ur_moveit_config:/home/jon/swap_ws/install/ur_controllers:/home/jon/swap_ws/install/ur_dashboard_msgs:/home/jon/swap_ws/install/ur3e_2fg7_description:/opt/ros/jazzy/opt/sdformat_vendor:/opt/ros/jazzy/opt/gz_math_vendor:/opt/ros/jazzy/opt/gz_utils_vendor:/opt/ros/jazzy/opt/gz_tools_vendor:/opt/ros/jazzy/opt/gz_cmake_vendor:/opt/ros/jazzy DEBUGINFOD_URLS=https://debuginfod.ubuntu.com /usr/bin/cmake --install /home/jon/swap_ws/build/ur_robotiq
[0.118s] -- Install configuration: ""
[0.119s] -- Up-to-date: /home/jon/swap_ws/install/ur_robotiq/share/ament_index/resource_index/package_run_dependencies/ur_robotiq
[0.119s] -- Up-to-date: /home/jon/swap_ws/install/ur_robotiq/share/ament_index/resource_index/parent_prefix_path/ur_robotiq
[0.119s] -- Up-to-date: /home/jon/swap_ws/install/ur_robotiq/share/ur_robotiq/environment/ament_prefix_path.sh
[0.119s] -- Up-to-date: /home/jon/swap_ws/install/ur_robotiq/share/ur_robotiq/environment/ament_prefix_path.dsv
[0.119s] -- Up-to-date: /home/jon/swap_ws/install/ur_robotiq/share/ur_robotiq/environment/path.sh
[0.119s] -- Up-to-date: /home/jon/swap_ws/install/ur_robotiq/share/ur_robotiq/environment/path.dsv
[0.119s] -- Up-to-date: /home/jon/swap_ws/install/ur_robotiq/share/ur_robotiq/local_setup.bash
[0.119s] -- Up-to-date: /home/jon/swap_ws/install/ur_robotiq/share/ur_robotiq/local_setup.sh
[0.119s] -- Up-to-date: /home/jon/swap_ws/install/ur_robotiq/share/ur_robotiq/local_setup.zsh
[0.120s] -- Up-to-date: /home/jon/swap_ws/install/ur_robotiq/share/ur_robotiq/local_setup.dsv
[0.120s] -- Installing: /home/jon/swap_ws/install/ur_robotiq/share/ur_robotiq/package.dsv
[0.120s] -- Up-to-date: /home/jon/swap_ws/install/ur_robotiq/share/ament_index/resource_index/packages/ur_robotiq
[0.120s] -- Up-to-date: /home/jon/swap_ws/install/ur_robotiq/share/ur_robotiq/cmake/ur_robotiqConfig.cmake
[0.120s] -- Up-to-date: /home/jon/swap_ws/install/ur_robotiq/share/ur_robotiq/cmake/ur_robotiqConfig-version.cmake
[0.120s] -- Up-to-date: /home/jon/swap_ws/install/ur_robotiq/share/ur_robotiq/package.xml
[0.123s] Invoked command in '/home/jon/swap_ws/build/ur_robotiq' returned '0': CMAKE_PREFIX_PATH=/home/jon/swap_ws/install/ur_robotiq_description:/home/jon/swap_ws/install/ur_robotiq:/home/jon/swap_ws/install/ur:/home/jon/swap_ws/install/ur_calibration:/home/jon/swap_ws/install/ur_robot_driver:/home/jon/swap_ws/install/ur_moveit_config:/home/jon/swap_ws/install/ur_controllers:/home/jon/swap_ws/install/ur_dashboard_msgs:/home/jon/swap_ws/install/ur3e_2fg7_description:/opt/ros/jazzy/opt/sdformat_vendor:/opt/ros/jazzy/opt/gz_math_vendor:/opt/ros/jazzy/opt/gz_utils_vendor:/opt/ros/jazzy/opt/gz_tools_vendor:/opt/ros/jazzy/opt/gz_cmake_vendor:/opt/ros/jazzy DEBUGINFOD_URLS=https://debuginfod.ubuntu.com /usr/bin/cmake --install /home/jon/swap_ws/build/ur_robotiq
