[0.022s] Invoking command in '/home/jon/swap_ws/build/ur_robotiq_description': CMAKE_PREFIX_PATH=${CMAKE_PREFIX_PATH}:/opt/ros/jazzy DEBUGINFOD_URLS=https://debuginfod.ubuntu.com /usr/bin/cmake --build /home/jon/swap_ws/build/ur_robotiq_description -- -j4 -l4
[0.076s] -- Found ament_cmake: 2.5.3 (/opt/ros/jazzy/share/ament_cmake/cmake)
[0.389s] -- Found robotiq_description: 0.0.1 (/opt/ros/jazzy/share/robotiq_description/cmake)
[0.391s] -- Found ur_description: 3.1.0 (/opt/ros/jazzy/share/ur_description/cmake)
[0.393s] -- Found ament_lint_auto: 0.17.2 (/opt/ros/jazzy/share/ament_lint_auto/cmake)
[0.513s] -- Added test 'lint_cmake' to check CMake code style
[0.514s] -- Added test 'xmllint' to check XML markup files
[0.518s] -- Configuring done (0.5s)
[0.530s] -- Generating done (0.0s)
[0.533s] -- Build files have been written to: /home/jon/swap_ws/build/ur_robotiq_description
[0.571s] Invoked command in '/home/jon/swap_ws/build/ur_robotiq_description' returned '0': CMAKE_PREFIX_PATH=${CMAKE_PREFIX_PATH}:/opt/ros/jazzy DEBUGINFOD_URLS=https://debuginfod.ubuntu.com /usr/bin/cmake --build /home/jon/swap_ws/build/ur_robotiq_description -- -j4 -l4
[0.573s] Invoking command in '/home/jon/swap_ws/build/ur_robotiq_description': CMAKE_PREFIX_PATH=${CMAKE_PREFIX_PATH}:/opt/ros/jazzy DEBUGINFOD_URLS=https://debuginfod.ubuntu.com /usr/bin/cmake --install /home/jon/swap_ws/build/ur_robotiq_description
[0.583s] -- Install configuration: ""
[0.583s] -- Up-to-date: /home/jon/swap_ws/install/ur_robotiq_description/share/ur_robotiq_description/urdf
[0.584s] -- Up-to-date: /home/jon/swap_ws/install/ur_robotiq_description/share/ur_robotiq_description/urdf/onrobot_2fg7_upload_urdf.xacro
[0.584s] -- Up-to-date: /home/jon/swap_ws/install/ur_robotiq_description/share/ur_robotiq_description/urdf/robotiq_2f_85_urdf.xacro
[0.584s] -- Up-to-date: /home/jon/swap_ws/install/ur_robotiq_description/share/ur_robotiq_description/urdf/ur3e_urdf.xacro
[0.584s] -- Up-to-date: /home/jon/swap_ws/install/ur_robotiq_description/share/ur_robotiq_description/urdf/ur3e_robotiq_2f_85_urdf.xacro
[0.584s] -- Installing: /home/jon/swap_ws/install/ur_robotiq_description/share/ur_robotiq_description/meshes
[0.584s] -- Installing: /home/jon/swap_ws/install/ur_robotiq_description/share/ur_robotiq_description/meshes/right_finger_link.stl
[0.586s] -- Installing: /home/jon/swap_ws/install/ur_robotiq_description/share/ur_robotiq_description/meshes/base_link.stl
[0.589s] -- Installing: /home/jon/swap_ws/install/ur_robotiq_description/share/ur_robotiq_description/meshes/inwards
[0.590s] -- Installing: /home/jon/swap_ws/install/ur_robotiq_description/share/ur_robotiq_description/meshes/inwards/right_finger_link.stl
[0.591s] -- Installing: /home/jon/swap_ws/install/ur_robotiq_description/share/ur_robotiq_description/meshes/inwards/left_finger_link.stl
[0.593s] -- Installing: /home/jon/swap_ws/install/ur_robotiq_description/share/ur_robotiq_description/meshes/left_finger_link.stl
[0.594s] -- Up-to-date: /home/jon/swap_ws/install/ur_robotiq_description/share/ament_index/resource_index/package_run_dependencies/ur_robotiq_description
[0.594s] -- Up-to-date: /home/jon/swap_ws/install/ur_robotiq_description/share/ament_index/resource_index/parent_prefix_path/ur_robotiq_description
[0.595s] -- Up-to-date: /home/jon/swap_ws/install/ur_robotiq_description/share/ur_robotiq_description/environment/ament_prefix_path.sh
[0.595s] -- Up-to-date: /home/jon/swap_ws/install/ur_robotiq_description/share/ur_robotiq_description/environment/ament_prefix_path.dsv
[0.595s] -- Up-to-date: /home/jon/swap_ws/install/ur_robotiq_description/share/ur_robotiq_description/environment/path.sh
[0.595s] -- Up-to-date: /home/jon/swap_ws/install/ur_robotiq_description/share/ur_robotiq_description/environment/path.dsv
[0.595s] -- Up-to-date: /home/jon/swap_ws/install/ur_robotiq_description/share/ur_robotiq_description/local_setup.bash
[0.595s] -- Up-to-date: /home/jon/swap_ws/install/ur_robotiq_description/share/ur_robotiq_description/local_setup.sh
[0.596s] -- Up-to-date: /home/jon/swap_ws/install/ur_robotiq_description/share/ur_robotiq_description/local_setup.zsh
[0.596s] -- Up-to-date: /home/jon/swap_ws/install/ur_robotiq_description/share/ur_robotiq_description/local_setup.dsv
[0.596s] -- Installing: /home/jon/swap_ws/install/ur_robotiq_description/share/ur_robotiq_description/package.dsv
[0.596s] -- Up-to-date: /home/jon/swap_ws/install/ur_robotiq_description/share/ament_index/resource_index/packages/ur_robotiq_description
[0.596s] -- Up-to-date: /home/jon/swap_ws/install/ur_robotiq_description/share/ur_robotiq_description/cmake/ur_robotiq_descriptionConfig.cmake
[0.596s] -- Up-to-date: /home/jon/swap_ws/install/ur_robotiq_description/share/ur_robotiq_description/cmake/ur_robotiq_descriptionConfig-version.cmake
[0.596s] -- Up-to-date: /home/jon/swap_ws/install/ur_robotiq_description/share/ur_robotiq_description/package.xml
[0.599s] Invoked command in '/home/jon/swap_ws/build/ur_robotiq_description' returned '0': CMAKE_PREFIX_PATH=${CMAKE_PREFIX_PATH}:/opt/ros/jazzy DEBUGINFOD_URLS=https://debuginfod.ubuntu.com /usr/bin/cmake --install /home/jon/swap_ws/build/ur_robotiq_description
